#
# There is insufficient memory for the Java Runtime Environment to continue.
# Native memory allocation (mmap) failed to map 134217728 bytes for Failed to commit area from 0x0000000081a00000 to 0x0000000089a00000 of length 134217728.
# Possible reasons:
#   The system is out of physical RAM or swap space
#   The process is running with CompressedOops enabled, and the Java Heap may be blocking the growth of the native heap
# Possible solutions:
#   Reduce memory load on the system
#   Increase physical memory or swap space
#   Check if swap backing store is full
#   Decrease Java heap size (-Xmx/-Xms)
#   Decrease number of Java threads
#   Decrease Java thread stack sizes (-Xss)
#   Set larger code cache with -XX:ReservedCodeCacheSize=
# This output file may be truncated or incomplete.
#
#  Out of Memory Error (./src/hotspot/os/windows/os_windows.cpp:3301), pid=11580, tid=428
#
# JRE version:  (11.0.10) (build )
# Java VM: OpenJDK 64-Bit Server VM (11.0.10+0-b96-7249189, mixed mode, sharing, tiered, compressed oops, g1 gc, windows-amd64)
# No core dump will be written. Minidumps are not enabled by default on client versions of Windows
#

---------------  S U M M A R Y ------------

Command Line: 

Host: Intel(R) Core(TM) i7-8750H CPU @ 2.20GHz, 12 cores, 7G,  Windows 10 , 64 bit Build 19041 (10.0.19041.1202)
Time: Mon Nov  1 14:04:01 2021 Türkiye Standart Saati elapsed time: 0.014850 seconds (0d 0h 0m 0s)

---------------  T H R E A D  ---------------

Current thread (0x000002916f0d9800):  JavaThread "Unknown thread" [_thread_in_vm, id=428, stack(0x000000b665b00000,0x000000b665c00000)]

Stack: [0x000000b665b00000,0x000000b665c00000]
Native frames: (J=compiled Java code, j=interpreted, Vv=VM code, C=native code)
V  [jvm.dll+0x5ecfaa]
V  [jvm.dll+0x722bd5]
V  [jvm.dll+0x72412d]
V  [jvm.dll+0x7247e3]
V  [jvm.dll+0x242928]
V  [jvm.dll+0x5ea374]
V  [jvm.dll+0x5df425]
V  [jvm.dll+0x2fdebb]
V  [jvm.dll+0x2fde2a]
V  [jvm.dll+0x2fdd02]
V  [jvm.dll+0x302bf6]
V  [jvm.dll+0x34b2a3]
V  [jvm.dll+0x34b9a6]
V  [jvm.dll+0x34b3a3]
V  [jvm.dll+0x2d8888]
V  [jvm.dll+0x2d9a37]
V  [jvm.dll+0x701737]
V  [jvm.dll+0x702f2c]
V  [jvm.dll+0x3587d9]
V  [jvm.dll+0x6e4fae]
V  [jvm.dll+0x3c0be3]
V  [jvm.dll+0x3c2e91]
C  [jli.dll+0x5373]
C  [ucrtbase.dll+0x21bb2]
C  [KERNEL32.DLL+0x17034]
C  [ntdll.dll+0x52651]


---------------  P R O C E S S  ---------------

Threads class SMR info:
_java_thread_list=0x000002916d7a2bd0, length=0, elements={
}

Java Threads: ( => current thread )

Other Threads:
  0x000002916f0f0000 GCTaskThread "GC Thread#0" [stack: 0x000000b665c00000,0x000000b665d00000] [id=1396]
  0x000002916f122000 ConcurrentGCThread "G1 Main Marker" [stack: 0x000000b665d00000,0x000000b665e00000] [id=24476]
  0x000002916f124800 ConcurrentGCThread "G1 Conc#0" [stack: 0x000000b665e00000,0x000000b665f00000] [id=13252]

[error occurred during error reporting (printing all threads), id 0xc0000005, EXCEPTION_ACCESS_VIOLATION (0xc0000005) at pc=0x00007fff3ea49107]

VM state:not at safepoint (not fully initialized)

VM Mutex/Monitor currently owned by a thread:  ([mutex/lock_event])
[0x000002916f0d4570] Heap_lock - owner thread: 0x000002916f0d9800

Heap address: 0x0000000081a00000, size: 2022 MB, Compressed Oops mode: Non-zero based: 0x0000000081a00000
Narrow klass base: 0x0000000000000000, Narrow klass shift: 0

GC Heap History (0 events):
No events

Deoptimization events (0 events):
No events

Classes redefined (0 events):
No events

Internal exceptions (0 events):
No events

Events (1 events):
Event: 0.007 Loaded shared library C:\Program Files\Android\Android Studio\jre\bin\zip.dll


Dynamic libraries:
0x00007ff796090000 - 0x00007ff79609a000 	C:\Program Files\Android\Android Studio\jre\bin\java.EXE
0x00007fffc0030000 - 0x00007fffc0225000 	C:\WINDOWS\SYSTEM32\ntdll.dll
0x00007fffbe2f0000 - 0x00007fffbe3ae000 	C:\WINDOWS\System32\KERNEL32.DLL
0x00007fffbda20000 - 0x00007fffbdce9000 	C:\WINDOWS\System32\KERNELBASE.dll
0x00007fffbddd0000 - 0x00007fffbded0000 	C:\WINDOWS\System32\ucrtbase.dll
0x00007fffa90f0000 - 0x00007fffa9109000 	C:\Program Files\Android\Android Studio\jre\bin\jli.dll
0x00007fff9df10000 - 0x00007fff9df27000 	C:\Program Files\Android\Android Studio\jre\bin\VCRUNTIME140.dll
0x00007fffbfdd0000 - 0x00007fffbff71000 	C:\WINDOWS\System32\USER32.dll
0x00007fffbd800000 - 0x00007fffbd822000 	C:\WINDOWS\System32\win32u.dll
0x00007fffa8790000 - 0x00007fffa8a2a000 	C:\WINDOWS\WinSxS\amd64_microsoft.windows.common-controls_6595b64144ccf1df_6.0.19041.1110_none_60b5254171f9507e\COMCTL32.dll
0x00007fffbf030000 - 0x00007fffbf05b000 	C:\WINDOWS\System32\GDI32.dll
0x00007fffbf060000 - 0x00007fffbf0fe000 	C:\WINDOWS\System32\msvcrt.dll
0x00007fffbdf70000 - 0x00007fffbe07b000 	C:\WINDOWS\System32\gdi32full.dll
0x00007fffbded0000 - 0x00007fffbdf6d000 	C:\WINDOWS\System32\msvcp_win.dll
0x00007fffbe830000 - 0x00007fffbe860000 	C:\WINDOWS\System32\IMM32.DLL
0x00007fff6ae20000 - 0x00007fff6aebd000 	C:\Program Files\Android\Android Studio\jre\bin\msvcp140.dll
0x00007fff3e760000 - 0x00007fff3f22f000 	C:\Program Files\Android\Android Studio\jre\bin\server\jvm.dll
0x00007fffbe240000 - 0x00007fffbe2ec000 	C:\WINDOWS\System32\ADVAPI32.dll
0x00007fffbebc0000 - 0x00007fffbec5b000 	C:\WINDOWS\System32\sechost.dll
0x00007fffbe080000 - 0x00007fffbe1aa000 	C:\WINDOWS\System32\RPCRT4.dll
0x00007fffbfd10000 - 0x00007fffbfd18000 	C:\WINDOWS\System32\PSAPI.DLL
0x00007fffa3f30000 - 0x00007fffa3f57000 	C:\WINDOWS\SYSTEM32\WINMM.dll
0x00007fff9feb0000 - 0x00007fff9feb9000 	C:\WINDOWS\SYSTEM32\WSOCK32.dll
0x00007fffb7240000 - 0x00007fffb724a000 	C:\WINDOWS\SYSTEM32\VERSION.dll
0x00007fffbefc0000 - 0x00007fffbf02b000 	C:\WINDOWS\System32\WS2_32.dll
0x00007fffbb650000 - 0x00007fffbb662000 	C:\WINDOWS\SYSTEM32\kernel.appcore.dll
0x00007fff96e70000 - 0x00007fff96e81000 	C:\Program Files\Android\Android Studio\jre\bin\verify.dll
0x00007fffa6240000 - 0x00007fffa6424000 	C:\WINDOWS\SYSTEM32\DBGHELP.DLL
0x00007fff9fe20000 - 0x00007fff9fe4c000 	C:\WINDOWS\SYSTEM32\dbgcore.DLL
0x00007fffbd990000 - 0x00007fffbda13000 	C:\WINDOWS\System32\bcryptPrimitives.dll
0x00007fff92ae0000 - 0x00007fff92b09000 	C:\Program Files\Android\Android Studio\jre\bin\java.dll
0x00007fffab600000 - 0x00007fffab60b000 	C:\Program Files\Android\Android Studio\jre\bin\jimage.dll
0x00007fff929c0000 - 0x00007fff929d8000 	C:\Program Files\Android\Android Studio\jre\bin\zip.dll

dbghelp: loaded successfully - version: 4.0.5 - missing functions: none
symbol engine: initialized successfully - sym options: 0x614 - pdb path: .;C:\Program Files\Android\Android Studio\jre\bin;C:\WINDOWS\SYSTEM32;C:\WINDOWS\WinSxS\amd64_microsoft.windows.common-controls_6595b64144ccf1df_6.0.19041.1110_none_60b5254171f9507e;C:\Program Files\Android\Android Studio\jre\bin\server

VM Arguments:
java_command: <unknown>
java_class_path (initial): <not set>
Launcher Type: SUN_STANDARD

[Global flags]
     intx CICompilerCount                          = 4                                         {product} {ergonomic}
     uint ConcGCThreads                            = 3                                         {product} {ergonomic}
     uint G1ConcRefinementThreads                  = 10                                        {product} {ergonomic}
   size_t G1HeapRegionSize                         = 1048576                                   {product} {ergonomic}
    uintx GCDrainStackTargetSize                   = 64                                        {product} {ergonomic}
   size_t InitialHeapSize                          = 134217728                                 {product} {ergonomic}
   size_t MarkStackSize                            = 4194304                                   {product} {ergonomic}
   size_t MaxHeapSize                              = 2120220672                                {product} {ergonomic}
   size_t MinHeapDeltaBytes                        = 1048576                                   {product} {ergonomic}
    uintx NonNMethodCodeHeapSize                   = 5836300                                {pd product} {ergonomic}
    uintx NonProfiledCodeHeapSize                  = 122910970                              {pd product} {ergonomic}
    uintx ProfiledCodeHeapSize                     = 122910970                              {pd product} {ergonomic}
    uintx ReservedCodeCacheSize                    = 251658240                              {pd product} {ergonomic}
     bool SegmentedCodeCache                       = true                                      {product} {ergonomic}
     bool UseCompressedClassPointers               = true                                 {lp64_product} {ergonomic}
     bool UseCompressedOops                        = true                                 {lp64_product} {ergonomic}
     bool UseG1GC                                  = true                                      {product} {ergonomic}
     bool UseLargePagesIndividualAllocation        = false                                  {pd product} {ergonomic}

Logging:
Log output configuration:
 #0: stdout all=warning uptime,level,tags
 #1: stderr all=off uptime,level,tags

Environment Variables:
JAVA_HOME=C:\Program Files\Java\jdk-10.0.2
PATH=C:\Windows\system32;C:\Windows;C:\Windows\System32\Wbem;C:\Windows\System32\WindowsPowerShell\v1.0\;C:\Windows\System32\OpenSSH\;C:\Program Files (x86)\NVIDIA Corporation\PhysX\Common;C:\Program Files\Intel\WiFi\bin\;C:\Program Files\Common Files\Intel\WirelessCommon\;C:\WINDOWS\system32;C:\WINDOWS;C:\WINDOWS\System32\Wbem;C:\WINDOWS\System32\WindowsPowerShell\v1.0\;C:\WINDOWS\System32\OpenSSH\;C:\Program Files\nodejs\;C:\Program Files\NVIDIA Corporation\NVIDIA NvDLISR;C:\WINDOWS\system32;C:\WINDOWS;C:\WINDOWS\System32\Wbem;C:\WINDOWS\System32\WindowsPowerShell\v1.0\;C:\WINDOWS\System32\OpenSSH\;C:\Program Files\dotnet\;C:\Program Files\Microsoft SQL Server\130\Tools\Binn\;C:\Program Files\Microsoft SQL Server\Client SDK\ODBC\170\Tools\Binn\;C:\Program Files\Git\cmd;C:\Program Files (x86)\Microsoft SQL Server\150\DTS\Binn\;C:\Program Files\Azure Data Studio\bin;C:\Users\BerkayOzb\AppData\Local\Microsoft\WindowsApps;C:\Program Files\Intel\WiFi\bin\;C:\Program Files\Common Files\Intel\WirelessCommon\;C:\Users\BerkayOzb\AppData\Roaming\npm;C:\Users\BerkayOzb\AppData\Local\Microsoft\WindowsApps;C:\src\flutter\bin;;C:\Users\BerkayOzb\AppData\Local\Programs\Microsoft VS Code\bin;C:\Users\BerkayOzb\.dotnet\tools;C:\Program Files\Azure Data Studio\bin;C:\src\flutter\bin\mingit\cmd
USERNAME=BerkayOzb
OS=Windows_NT
PROCESSOR_IDENTIFIER=Intel64 Family 6 Model 158 Stepping 10, GenuineIntel



---------------  S Y S T E M  ---------------

OS: Windows 10 , 64 bit Build 19041 (10.0.19041.1202)
OS uptime: 9 days 10:34 hours

CPU:total 12 (initial active 12) (6 cores per cpu, 2 threads per core) family 6 model 158 stepping 10 microcode 0xb4, cmov, cx8, fxsr, mmx, sse, sse2, sse3, ssse3, sse4.1, sse4.2, popcnt, avx, avx2, aes, clmul, erms, 3dnowpref, lzcnt, ht, tsc, tscinvbit, bmi1, bmi2, adx, fma

Memory: 4k page, system-wide physical 8083M (391M free)
TotalPageFile size 24467M (AvailPageFile size 121M)
current process WorkingSet (physical memory assigned to process): 10M, peak: 10M
current process commit charge ("private bytes"): 64M, peak: 191M

vm_info: OpenJDK 64-Bit Server VM (11.0.10+0-b96-7249189) for windows-amd64 JRE (11.0.10+0-b96-7249189), built on Mar 31 2021 21:44:00 by "builder" with MS VC++ 14.0 (VS2015)

END.
