#
# There is insufficient memory for the Java Runtime Environment to continue.
# Native memory allocation (malloc) failed to allocate 154256 bytes for Chunk::new
# Possible reasons:
#   The system is out of physical RAM or swap space
#   The process is running with CompressedOops enabled, and the Java Heap may be blocking the growth of the native heap
# Possible solutions:
#   Reduce memory load on the system
#   Increase physical memory or swap space
#   Check if swap backing store is full
#   Decrease Java heap size (-Xmx/-Xms)
#   Decrease number of Java threads
#   Decrease Java thread stack sizes (-Xss)
#   Set larger code cache with -XX:ReservedCodeCacheSize=
#   JVM is running with Unscaled Compressed Oops mode in which the Java heap is
#     placed in the first 4GB address space. The Java Heap base address is the
#     maximum limit for the native heap growth. Please use -XX:HeapBaseMinAddress
#     to set the Java Heap base and to place the Java Heap above 4GB virtual address.
# This output file may be truncated or incomplete.
#
#  Out of Memory Error (./src/hotspot/share/memory/arena.cpp:197), pid=21248, tid=11728
#
# JRE version: OpenJDK Runtime Environment (11.0.10) (build 11.0.10+0-b96-7249189)
# Java VM: OpenJDK 64-Bit Server VM (11.0.10+0-b96-7249189, mixed mode, tiered, compressed oops, g1 gc, windows-amd64)
# No core dump will be written. Minidumps are not enabled by default on client versions of Windows
#

---------------  S U M M A R Y ------------

Command Line: -Dorg.gradle.appname=gradlew org.gradle.wrapper.GradleWrapperMain -q -Ptarget-platform=android-x86 -Ptarget=C:\Users\BerkayOzb\Desktop\falckoneski\lib\main.dart -Pdart-defines=Zmx1dHRlci5pbnNwZWN0b3Iuc3RydWN0dXJlZEVycm9ycz10cnVl,RkxVVFRFUl9XRUJfQVVUT19ERVRFQ1Q9dHJ1ZQ== -Pdart-obfuscation=false -Ptrack-widget-creation=true -Ptree-shake-icons=false -Pfilesystem-scheme=org-dartlang-root assembleDebug

Host: Intel(R) Core(TM) i7-8750H CPU @ 2.20GHz, 12 cores, 7G,  Windows 10 , 64 bit Build 19041 (10.0.19041.1202)
Time: Mon Nov  1 13:51:42 2021 Türkiye Standart Saati elapsed time: 0.820357 seconds (0d 0h 0m 0s)

---------------  T H R E A D  ---------------

Current thread (0x0000012525308000):  JavaThread "C2 CompilerThread1" daemon [_thread_in_native, id=11728, stack(0x000000052ef00000,0x000000052f000000)]


Current CompileTask:
C2:    820  617       4       java.util.zip.ZipFile$Source::getEntryPos (206 bytes)

Stack: [0x000000052ef00000,0x000000052f000000]
Native frames: (J=compiled Java code, j=interpreted, Vv=VM code, C=native code)
V  [jvm.dll+0x5ecfaa]
V  [jvm.dll+0x722bd5]
V  [jvm.dll+0x72412d]
V  [jvm.dll+0x7247e3]
V  [jvm.dll+0x242928]
V  [jvm.dll+0xbc4fc]
V  [jvm.dll+0xbca0c]
V  [jvm.dll+0x352d7d]
V  [jvm.dll+0x320ad3]
V  [jvm.dll+0x31ffca]
V  [jvm.dll+0x1fb602]
V  [jvm.dll+0x1fa7f4]
V  [jvm.dll+0x18354c]
V  [jvm.dll+0x208ee7]
V  [jvm.dll+0x207731]
V  [jvm.dll+0x6eb1cf]
V  [jvm.dll+0x6e3d45]
V  [jvm.dll+0x5ebe96]
C  [ucrtbase.dll+0x21bb2]
C  [KERNEL32.DLL+0x17034]
C  [ntdll.dll+0x52651]


---------------  P R O C E S S  ---------------

Threads class SMR info:
_java_thread_list=0x00000125252329d0, length=11, elements={
0x0000012509eec800, 0x00000125246c4000, 0x0000012524f1d000, 0x0000012524f68000,
0x0000012524f69000, 0x0000012524f6b000, 0x0000012524f6e800, 0x00000125246f4800,
0x00000125246f5800, 0x00000125250b8800, 0x0000012525308000
}

Java Threads: ( => current thread )
  0x0000012509eec800 JavaThread "main" [_thread_in_vm, id=12896, stack(0x000000052de00000,0x000000052df00000)]
  0x00000125246c4000 JavaThread "Reference Handler" daemon [_thread_blocked, id=21080, stack(0x000000052e500000,0x000000052e600000)]
  0x0000012524f1d000 JavaThread "Finalizer" daemon [_thread_blocked, id=7456, stack(0x000000052e600000,0x000000052e700000)]
  0x0000012524f68000 JavaThread "Signal Dispatcher" daemon [_thread_blocked, id=18132, stack(0x000000052e700000,0x000000052e800000)]
  0x0000012524f69000 JavaThread "Attach Listener" daemon [_thread_blocked, id=3236, stack(0x000000052e800000,0x000000052e900000)]
  0x0000012524f6b000 JavaThread "Service Thread" daemon [_thread_blocked, id=22732, stack(0x000000052e900000,0x000000052ea00000)]
  0x0000012524f6e800 JavaThread "C2 CompilerThread0" daemon [_thread_blocked, id=11084, stack(0x000000052ea00000,0x000000052eb00000)]
  0x00000125246f4800 JavaThread "C1 CompilerThread0" daemon [_thread_blocked, id=14344, stack(0x000000052eb00000,0x000000052ec00000)]
  0x00000125246f5800 JavaThread "Sweeper thread" daemon [_thread_blocked, id=9480, stack(0x000000052ec00000,0x000000052ed00000)]
  0x00000125250b8800 JavaThread "Common-Cleaner" daemon [_thread_blocked, id=12136, stack(0x000000052ee00000,0x000000052ef00000)]
=>0x0000012525308000 JavaThread "C2 CompilerThread1" daemon [_thread_in_native, id=11728, stack(0x000000052ef00000,0x000000052f000000)]

Other Threads:
  0x00000125246c1000 VMThread "VM Thread" [stack: 0x000000052e400000,0x000000052e500000] [id=11664]
  0x00000125250b4000 WatcherThread [stack: 0x000000052ed00000,0x000000052ee00000] [id=2808]
  0x0000012509f03800 GCTaskThread "GC Thread#0" [stack: 0x000000052df00000,0x000000052e000000] [id=21696]
  0x0000012509f35000 ConcurrentGCThread "G1 Main Marker" [stack: 0x000000052e000000,0x000000052e100000] [id=18540]
  0x0000012509f36800 ConcurrentGCThread "G1 Conc#0" [stack: 0x000000052e100000,0x000000052e200000] [id=5796]
  0x0000012524528800 ConcurrentGCThread "G1 Refine#0" [stack: 0x000000052e200000,0x000000052e300000] [id=3108]
  0x0000012524529000 ConcurrentGCThread "G1 Young RemSet Sampling" [stack: 0x000000052e300000,0x000000052e400000] [id=9456]

Threads with active compile tasks:
C2 CompilerThread1    852  617       4       java.util.zip.ZipFile$Source::getEntryPos (206 bytes)

VM state:not at safepoint (normal execution)

VM Mutex/Monitor currently owned by a thread: None

Heap address: 0x0000000081a00000, size: 2022 MB, Compressed Oops mode: 32-bit
Narrow klass base: 0x0000000000000000, Narrow klass shift: 3
Compressed class space size: 1073741824 Address: 0x0000000100000000

Heap:
 garbage-first heap   total 131072K, used 20480K [0x0000000081a00000, 0x0000000100000000)
  region size 1024K, 16 young (16384K), 0 survivors (0K)
 Metaspace       used 9027K, capacity 9290K, committed 9472K, reserved 1058816K
  class space    used 847K, capacity 921K, committed 1024K, reserved 1048576K
Heap Regions: E=young(eden), S=young(survivor), O=old, HS=humongous(starts), HC=humongous(continues), CS=collection set, F=free, A=archive, TAMS=top-at-mark-start (previous, next)
|   0|0x0000000081a00000, 0x0000000081b00000, 0x0000000081b00000|100%|HS|  |TAMS 0x0000000081a00000, 0x0000000081a00000| Complete 
|   1|0x0000000081b00000, 0x0000000081c00000, 0x0000000081c00000|100%|HC|  |TAMS 0x0000000081b00000, 0x0000000081b00000| Complete 
|   2|0x0000000081c00000, 0x0000000081d00000, 0x0000000081d00000|100%|HC|  |TAMS 0x0000000081c00000, 0x0000000081c00000| Complete 
|   3|0x0000000081d00000, 0x0000000081e00000, 0x0000000081e00000|100%|HS|  |TAMS 0x0000000081d00000, 0x0000000081d00000| Complete 
|   4|0x0000000081e00000, 0x0000000081f00000, 0x0000000081f00000|100%|HC|  |TAMS 0x0000000081e00000, 0x0000000081e00000| Complete 
|   5|0x0000000081f00000, 0x0000000082000000, 0x0000000082000000|100%|HC|  |TAMS 0x0000000081f00000, 0x0000000081f00000| Complete 
|   6|0x0000000082000000, 0x0000000082000000, 0x0000000082100000|  0%| F|  |TAMS 0x0000000082000000, 0x0000000082000000| Untracked 
|   7|0x0000000082100000, 0x0000000082100000, 0x0000000082200000|  0%| F|  |TAMS 0x0000000082100000, 0x0000000082100000| Untracked 
|   8|0x0000000082200000, 0x0000000082200000, 0x0000000082300000|  0%| F|  |TAMS 0x0000000082200000, 0x0000000082200000| Untracked 
|   9|0x0000000082300000, 0x0000000082300000, 0x0000000082400000|  0%| F|  |TAMS 0x0000000082300000, 0x0000000082300000| Untracked 
|  10|0x0000000082400000, 0x0000000082400000, 0x0000000082500000|  0%| F|  |TAMS 0x0000000082400000, 0x0000000082400000| Untracked 
|  11|0x0000000082500000, 0x0000000082500000, 0x0000000082600000|  0%| F|  |TAMS 0x0000000082500000, 0x0000000082500000| Untracked 
|  12|0x0000000082600000, 0x0000000082600000, 0x0000000082700000|  0%| F|  |TAMS 0x0000000082600000, 0x0000000082600000| Untracked 
|  13|0x0000000082700000, 0x0000000082700000, 0x0000000082800000|  0%| F|  |TAMS 0x0000000082700000, 0x0000000082700000| Untracked 
|  14|0x0000000082800000, 0x0000000082800000, 0x0000000082900000|  0%| F|  |TAMS 0x0000000082800000, 0x0000000082800000| Untracked 
|  15|0x0000000082900000, 0x0000000082900000, 0x0000000082a00000|  0%| F|  |TAMS 0x0000000082900000, 0x0000000082900000| Untracked 
|  16|0x0000000082a00000, 0x0000000082a00000, 0x0000000082b00000|  0%| F|  |TAMS 0x0000000082a00000, 0x0000000082a00000| Untracked 
|  17|0x0000000082b00000, 0x0000000082b00000, 0x0000000082c00000|  0%| F|  |TAMS 0x0000000082b00000, 0x0000000082b00000| Untracked 
|  18|0x0000000082c00000, 0x0000000082c00000, 0x0000000082d00000|  0%| F|  |TAMS 0x0000000082c00000, 0x0000000082c00000| Untracked 
|  19|0x0000000082d00000, 0x0000000082d00000, 0x0000000082e00000|  0%| F|  |TAMS 0x0000000082d00000, 0x0000000082d00000| Untracked 
|  20|0x0000000082e00000, 0x0000000082e00000, 0x0000000082f00000|  0%| F|  |TAMS 0x0000000082e00000, 0x0000000082e00000| Untracked 
|  21|0x0000000082f00000, 0x0000000082f00000, 0x0000000083000000|  0%| F|  |TAMS 0x0000000082f00000, 0x0000000082f00000| Untracked 
|  22|0x0000000083000000, 0x0000000083000000, 0x0000000083100000|  0%| F|  |TAMS 0x0000000083000000, 0x0000000083000000| Untracked 
|  23|0x0000000083100000, 0x0000000083100000, 0x0000000083200000|  0%| F|  |TAMS 0x0000000083100000, 0x0000000083100000| Untracked 
|  24|0x0000000083200000, 0x0000000083200000, 0x0000000083300000|  0%| F|  |TAMS 0x0000000083200000, 0x0000000083200000| Untracked 
|  25|0x0000000083300000, 0x0000000083300000, 0x0000000083400000|  0%| F|  |TAMS 0x0000000083300000, 0x0000000083300000| Untracked 
|  26|0x0000000083400000, 0x0000000083400000, 0x0000000083500000|  0%| F|  |TAMS 0x0000000083400000, 0x0000000083400000| Untracked 
|  27|0x0000000083500000, 0x0000000083500000, 0x0000000083600000|  0%| F|  |TAMS 0x0000000083500000, 0x0000000083500000| Untracked 
|  28|0x0000000083600000, 0x0000000083600000, 0x0000000083700000|  0%| F|  |TAMS 0x0000000083600000, 0x0000000083600000| Untracked 
|  29|0x0000000083700000, 0x0000000083700000, 0x0000000083800000|  0%| F|  |TAMS 0x0000000083700000, 0x0000000083700000| Untracked 
|  30|0x0000000083800000, 0x0000000083800000, 0x0000000083900000|  0%| F|  |TAMS 0x0000000083800000, 0x0000000083800000| Untracked 
|  31|0x0000000083900000, 0x0000000083900000, 0x0000000083a00000|  0%| F|  |TAMS 0x0000000083900000, 0x0000000083900000| Untracked 
|  32|0x0000000083a00000, 0x0000000083a00000, 0x0000000083b00000|  0%| F|  |TAMS 0x0000000083a00000, 0x0000000083a00000| Untracked 
|  33|0x0000000083b00000, 0x0000000083b00000, 0x0000000083c00000|  0%| F|  |TAMS 0x0000000083b00000, 0x0000000083b00000| Untracked 
|  34|0x0000000083c00000, 0x0000000083c00000, 0x0000000083d00000|  0%| F|  |TAMS 0x0000000083c00000, 0x0000000083c00000| Untracked 
|  35|0x0000000083d00000, 0x0000000083d00000, 0x0000000083e00000|  0%| F|  |TAMS 0x0000000083d00000, 0x0000000083d00000| Untracked 
|  36|0x0000000083e00000, 0x0000000083e00000, 0x0000000083f00000|  0%| F|  |TAMS 0x0000000083e00000, 0x0000000083e00000| Untracked 
|  37|0x0000000083f00000, 0x0000000083f00000, 0x0000000084000000|  0%| F|  |TAMS 0x0000000083f00000, 0x0000000083f00000| Untracked 
|  38|0x0000000084000000, 0x0000000084000000, 0x0000000084100000|  0%| F|  |TAMS 0x0000000084000000, 0x0000000084000000| Untracked 
|  39|0x0000000084100000, 0x0000000084100000, 0x0000000084200000|  0%| F|  |TAMS 0x0000000084100000, 0x0000000084100000| Untracked 
|  40|0x0000000084200000, 0x0000000084200000, 0x0000000084300000|  0%| F|  |TAMS 0x0000000084200000, 0x0000000084200000| Untracked 
|  41|0x0000000084300000, 0x0000000084300000, 0x0000000084400000|  0%| F|  |TAMS 0x0000000084300000, 0x0000000084300000| Untracked 
|  42|0x0000000084400000, 0x0000000084400000, 0x0000000084500000|  0%| F|  |TAMS 0x0000000084400000, 0x0000000084400000| Untracked 
|  43|0x0000000084500000, 0x0000000084500000, 0x0000000084600000|  0%| F|  |TAMS 0x0000000084500000, 0x0000000084500000| Untracked 
|  44|0x0000000084600000, 0x0000000084600000, 0x0000000084700000|  0%| F|  |TAMS 0x0000000084600000, 0x0000000084600000| Untracked 
|  45|0x0000000084700000, 0x0000000084700000, 0x0000000084800000|  0%| F|  |TAMS 0x0000000084700000, 0x0000000084700000| Untracked 
|  46|0x0000000084800000, 0x0000000084800000, 0x0000000084900000|  0%| F|  |TAMS 0x0000000084800000, 0x0000000084800000| Untracked 
|  47|0x0000000084900000, 0x0000000084900000, 0x0000000084a00000|  0%| F|  |TAMS 0x0000000084900000, 0x0000000084900000| Untracked 
|  48|0x0000000084a00000, 0x0000000084a00000, 0x0000000084b00000|  0%| F|  |TAMS 0x0000000084a00000, 0x0000000084a00000| Untracked 
|  49|0x0000000084b00000, 0x0000000084b00000, 0x0000000084c00000|  0%| F|  |TAMS 0x0000000084b00000, 0x0000000084b00000| Untracked 
|  50|0x0000000084c00000, 0x0000000084c00000, 0x0000000084d00000|  0%| F|  |TAMS 0x0000000084c00000, 0x0000000084c00000| Untracked 
|  51|0x0000000084d00000, 0x0000000084d00000, 0x0000000084e00000|  0%| F|  |TAMS 0x0000000084d00000, 0x0000000084d00000| Untracked 
|  52|0x0000000084e00000, 0x0000000084e00000, 0x0000000084f00000|  0%| F|  |TAMS 0x0000000084e00000, 0x0000000084e00000| Untracked 
|  53|0x0000000084f00000, 0x0000000084f00000, 0x0000000085000000|  0%| F|  |TAMS 0x0000000084f00000, 0x0000000084f00000| Untracked 
|  54|0x0000000085000000, 0x0000000085000000, 0x0000000085100000|  0%| F|  |TAMS 0x0000000085000000, 0x0000000085000000| Untracked 
|  55|0x0000000085100000, 0x0000000085100000, 0x0000000085200000|  0%| F|  |TAMS 0x0000000085100000, 0x0000000085100000| Untracked 
|  56|0x0000000085200000, 0x0000000085200000, 0x0000000085300000|  0%| F|  |TAMS 0x0000000085200000, 0x0000000085200000| Untracked 
|  57|0x0000000085300000, 0x0000000085300000, 0x0000000085400000|  0%| F|  |TAMS 0x0000000085300000, 0x0000000085300000| Untracked 
|  58|0x0000000085400000, 0x0000000085400000, 0x0000000085500000|  0%| F|  |TAMS 0x0000000085400000, 0x0000000085400000| Untracked 
|  59|0x0000000085500000, 0x0000000085500000, 0x0000000085600000|  0%| F|  |TAMS 0x0000000085500000, 0x0000000085500000| Untracked 
|  60|0x0000000085600000, 0x0000000085600000, 0x0000000085700000|  0%| F|  |TAMS 0x0000000085600000, 0x0000000085600000| Untracked 
|  61|0x0000000085700000, 0x0000000085700000, 0x0000000085800000|  0%| F|  |TAMS 0x0000000085700000, 0x0000000085700000| Untracked 
|  62|0x0000000085800000, 0x0000000085800000, 0x0000000085900000|  0%| F|  |TAMS 0x0000000085800000, 0x0000000085800000| Untracked 
|  63|0x0000000085900000, 0x0000000085900000, 0x0000000085a00000|  0%| F|  |TAMS 0x0000000085900000, 0x0000000085900000| Untracked 
|  64|0x0000000085a00000, 0x0000000085a00000, 0x0000000085b00000|  0%| F|  |TAMS 0x0000000085a00000, 0x0000000085a00000| Untracked 
|  65|0x0000000085b00000, 0x0000000085b00000, 0x0000000085c00000|  0%| F|  |TAMS 0x0000000085b00000, 0x0000000085b00000| Untracked 
|  66|0x0000000085c00000, 0x0000000085c00000, 0x0000000085d00000|  0%| F|  |TAMS 0x0000000085c00000, 0x0000000085c00000| Untracked 
|  67|0x0000000085d00000, 0x0000000085d00000, 0x0000000085e00000|  0%| F|  |TAMS 0x0000000085d00000, 0x0000000085d00000| Untracked 
|  68|0x0000000085e00000, 0x0000000085e00000, 0x0000000085f00000|  0%| F|  |TAMS 0x0000000085e00000, 0x0000000085e00000| Untracked 
|  69|0x0000000085f00000, 0x0000000085f00000, 0x0000000086000000|  0%| F|  |TAMS 0x0000000085f00000, 0x0000000085f00000| Untracked 
|  70|0x0000000086000000, 0x0000000086000000, 0x0000000086100000|  0%| F|  |TAMS 0x0000000086000000, 0x0000000086000000| Untracked 
|  71|0x0000000086100000, 0x0000000086100000, 0x0000000086200000|  0%| F|  |TAMS 0x0000000086100000, 0x0000000086100000| Untracked 
|  72|0x0000000086200000, 0x0000000086200000, 0x0000000086300000|  0%| F|  |TAMS 0x0000000086200000, 0x0000000086200000| Untracked 
|  73|0x0000000086300000, 0x0000000086300000, 0x0000000086400000|  0%| F|  |TAMS 0x0000000086300000, 0x0000000086300000| Untracked 
|  74|0x0000000086400000, 0x0000000086400000, 0x0000000086500000|  0%| F|  |TAMS 0x0000000086400000, 0x0000000086400000| Untracked 
|  75|0x0000000086500000, 0x0000000086500000, 0x0000000086600000|  0%| F|  |TAMS 0x0000000086500000, 0x0000000086500000| Untracked 
|  76|0x0000000086600000, 0x0000000086600000, 0x0000000086700000|  0%| F|  |TAMS 0x0000000086600000, 0x0000000086600000| Untracked 
|  77|0x0000000086700000, 0x0000000086700000, 0x0000000086800000|  0%| F|  |TAMS 0x0000000086700000, 0x0000000086700000| Untracked 
|  78|0x0000000086800000, 0x0000000086800000, 0x0000000086900000|  0%| F|  |TAMS 0x0000000086800000, 0x0000000086800000| Untracked 
|  79|0x0000000086900000, 0x0000000086900000, 0x0000000086a00000|  0%| F|  |TAMS 0x0000000086900000, 0x0000000086900000| Untracked 
|  80|0x0000000086a00000, 0x0000000086a00000, 0x0000000086b00000|  0%| F|  |TAMS 0x0000000086a00000, 0x0000000086a00000| Untracked 
|  81|0x0000000086b00000, 0x0000000086b00000, 0x0000000086c00000|  0%| F|  |TAMS 0x0000000086b00000, 0x0000000086b00000| Untracked 
|  82|0x0000000086c00000, 0x0000000086c00000, 0x0000000086d00000|  0%| F|  |TAMS 0x0000000086c00000, 0x0000000086c00000| Untracked 
|  83|0x0000000086d00000, 0x0000000086d00000, 0x0000000086e00000|  0%| F|  |TAMS 0x0000000086d00000, 0x0000000086d00000| Untracked 
|  84|0x0000000086e00000, 0x0000000086e00000, 0x0000000086f00000|  0%| F|  |TAMS 0x0000000086e00000, 0x0000000086e00000| Untracked 
|  85|0x0000000086f00000, 0x0000000086f00000, 0x0000000087000000|  0%| F|  |TAMS 0x0000000086f00000, 0x0000000086f00000| Untracked 
|  86|0x0000000087000000, 0x0000000087000000, 0x0000000087100000|  0%| F|  |TAMS 0x0000000087000000, 0x0000000087000000| Untracked 
|  87|0x0000000087100000, 0x0000000087100000, 0x0000000087200000|  0%| F|  |TAMS 0x0000000087100000, 0x0000000087100000| Untracked 
|  88|0x0000000087200000, 0x0000000087200000, 0x0000000087300000|  0%| F|  |TAMS 0x0000000087200000, 0x0000000087200000| Untracked 
|  89|0x0000000087300000, 0x0000000087300000, 0x0000000087400000|  0%| F|  |TAMS 0x0000000087300000, 0x0000000087300000| Untracked 
|  90|0x0000000087400000, 0x0000000087400000, 0x0000000087500000|  0%| F|  |TAMS 0x0000000087400000, 0x0000000087400000| Untracked 
|  91|0x0000000087500000, 0x0000000087500000, 0x0000000087600000|  0%| F|  |TAMS 0x0000000087500000, 0x0000000087500000| Untracked 
|  92|0x0000000087600000, 0x0000000087600000, 0x0000000087700000|  0%| F|  |TAMS 0x0000000087600000, 0x0000000087600000| Untracked 
|  93|0x0000000087700000, 0x0000000087700000, 0x0000000087800000|  0%| F|  |TAMS 0x0000000087700000, 0x0000000087700000| Untracked 
|  94|0x0000000087800000, 0x0000000087800000, 0x0000000087900000|  0%| F|  |TAMS 0x0000000087800000, 0x0000000087800000| Untracked 
|  95|0x0000000087900000, 0x0000000087900000, 0x0000000087a00000|  0%| F|  |TAMS 0x0000000087900000, 0x0000000087900000| Untracked 
|  96|0x0000000087a00000, 0x0000000087a00000, 0x0000000087b00000|  0%| F|  |TAMS 0x0000000087a00000, 0x0000000087a00000| Untracked 
|  97|0x0000000087b00000, 0x0000000087b00000, 0x0000000087c00000|  0%| F|  |TAMS 0x0000000087b00000, 0x0000000087b00000| Untracked 
|  98|0x0000000087c00000, 0x0000000087c00000, 0x0000000087d00000|  0%| F|  |TAMS 0x0000000087c00000, 0x0000000087c00000| Untracked 
|  99|0x0000000087d00000, 0x0000000087d00000, 0x0000000087e00000|  0%| F|  |TAMS 0x0000000087d00000, 0x0000000087d00000| Untracked 
| 100|0x0000000087e00000, 0x0000000087e00000, 0x0000000087f00000|  0%| F|  |TAMS 0x0000000087e00000, 0x0000000087e00000| Untracked 
| 101|0x0000000087f00000, 0x0000000087f00000, 0x0000000088000000|  0%| F|  |TAMS 0x0000000087f00000, 0x0000000087f00000| Untracked 
| 102|0x0000000088000000, 0x0000000088000000, 0x0000000088100000|  0%| F|  |TAMS 0x0000000088000000, 0x0000000088000000| Untracked 
| 103|0x0000000088100000, 0x0000000088100000, 0x0000000088200000|  0%| F|  |TAMS 0x0000000088100000, 0x0000000088100000| Untracked 
| 104|0x0000000088200000, 0x0000000088200000, 0x0000000088300000|  0%| F|  |TAMS 0x0000000088200000, 0x0000000088200000| Untracked 
| 105|0x0000000088300000, 0x0000000088300000, 0x0000000088400000|  0%| F|  |TAMS 0x0000000088300000, 0x0000000088300000| Untracked 
| 106|0x0000000088400000, 0x0000000088400000, 0x0000000088500000|  0%| F|  |TAMS 0x0000000088400000, 0x0000000088400000| Untracked 
| 107|0x0000000088500000, 0x0000000088500000, 0x0000000088600000|  0%| F|  |TAMS 0x0000000088500000, 0x0000000088500000| Untracked 
| 108|0x0000000088600000, 0x0000000088600000, 0x0000000088700000|  0%| F|  |TAMS 0x0000000088600000, 0x0000000088600000| Untracked 
| 109|0x0000000088700000, 0x0000000088700000, 0x0000000088800000|  0%| F|  |TAMS 0x0000000088700000, 0x0000000088700000| Untracked 
| 110|0x0000000088800000, 0x0000000088800000, 0x0000000088900000|  0%| F|  |TAMS 0x0000000088800000, 0x0000000088800000| Untracked 
| 111|0x0000000088900000, 0x0000000088900000, 0x0000000088a00000|  0%| F|  |TAMS 0x0000000088900000, 0x0000000088900000| Untracked 
| 112|0x0000000088a00000, 0x0000000088af6500, 0x0000000088b00000| 96%| E|  |TAMS 0x0000000088a00000, 0x0000000088a00000| Complete 
| 113|0x0000000088b00000, 0x0000000088c00000, 0x0000000088c00000|100%| E|CS|TAMS 0x0000000088b00000, 0x0000000088b00000| Complete 
| 114|0x0000000088c00000, 0x0000000088d00000, 0x0000000088d00000|100%| E|CS|TAMS 0x0000000088c00000, 0x0000000088c00000| Complete 
| 115|0x0000000088d00000, 0x0000000088e00000, 0x0000000088e00000|100%| E|CS|TAMS 0x0000000088d00000, 0x0000000088d00000| Complete 
| 116|0x0000000088e00000, 0x0000000088f00000, 0x0000000088f00000|100%| E|  |TAMS 0x0000000088e00000, 0x0000000088e00000| Complete 
| 117|0x0000000088f00000, 0x0000000089000000, 0x0000000089000000|100%| E|CS|TAMS 0x0000000088f00000, 0x0000000088f00000| Complete 
| 118|0x0000000089000000, 0x0000000089100000, 0x0000000089100000|100%| E|CS|TAMS 0x0000000089000000, 0x0000000089000000| Complete 
| 119|0x0000000089100000, 0x0000000089200000, 0x0000000089200000|100%| E|CS|TAMS 0x0000000089100000, 0x0000000089100000| Complete 
| 120|0x0000000089200000, 0x0000000089300000, 0x0000000089300000|100%| E|CS|TAMS 0x0000000089200000, 0x0000000089200000| Complete 
| 121|0x0000000089300000, 0x0000000089400000, 0x0000000089400000|100%| E|CS|TAMS 0x0000000089300000, 0x0000000089300000| Complete 
| 122|0x0000000089400000, 0x0000000089500000, 0x0000000089500000|100%| E|CS|TAMS 0x0000000089400000, 0x0000000089400000| Complete 
| 123|0x0000000089500000, 0x0000000089600000, 0x0000000089600000|100%| E|CS|TAMS 0x0000000089500000, 0x0000000089500000| Complete 
| 124|0x0000000089600000, 0x0000000089700000, 0x0000000089700000|100%| E|CS|TAMS 0x0000000089600000, 0x0000000089600000| Complete 
| 125|0x0000000089700000, 0x0000000089800000, 0x0000000089800000|100%| E|CS|TAMS 0x0000000089700000, 0x0000000089700000| Complete 
| 126|0x0000000089800000, 0x0000000089900000, 0x0000000089900000|100%| E|CS|TAMS 0x0000000089800000, 0x0000000089800000| Complete 
| 127|0x0000000089900000, 0x0000000089a00000, 0x0000000089a00000|100%| E|CS|TAMS 0x0000000089900000, 0x0000000089900000| Complete 

Card table byte_map: [0x000001251d330000,0x000001251d730000] _byte_map_base: 0x000001251cf23000

Marking Bits (Prev, Next): (CMBitMap*) 0x0000012509f2c788, (CMBitMap*) 0x0000012509f2c7c0
 Prev Bits: [0x000001251db30000, 0x000001251fac8000)
 Next Bits: [0x000001251fad0000, 0x0000012521a68000)

Polling page: 0x0000012507e80000

Metaspace:

Usage:
  Non-class:      8.24 MB capacity,     8.07 MB ( 98%) used,   165.64 KB (  2%) free+waste,     7.88 KB ( <1%) overhead. 
      Class:    921.00 KB capacity,   863.55 KB ( 94%) used,    53.95 KB (  6%) free+waste,     3.50 KB ( <1%) overhead. 
       Both:      9.13 MB capacity,     8.91 MB ( 98%) used,   219.59 KB (  2%) free+waste,    11.38 KB ( <1%) overhead. 

Virtual space:
  Non-class space:       10.00 MB reserved,       8.25 MB ( 83%) committed 
      Class space:        1.00 GB reserved,       1.00 MB ( <1%) committed 
             Both:        1.01 GB reserved,       9.25 MB ( <1%) committed 

Chunk freelists:
   Non-Class:  15.00 KB
       Class:  7.00 KB
        Both:  22.00 KB

MaxMetaspaceSize: 17179869184.00 GB
CompressedClassSpaceSize: 1.00 GB

CodeHeap 'non-profiled nmethods': size=120000Kb used=192Kb max_used=192Kb free=119807Kb
 bounds [0x00000125154b0000, 0x0000012515720000, 0x000001251c9e0000]
CodeHeap 'profiled nmethods': size=120000Kb used=1104Kb max_used=1104Kb free=118895Kb
 bounds [0x000001250df80000, 0x000001250e1f0000, 0x00000125154b0000]
CodeHeap 'non-nmethods': size=5760Kb used=1063Kb max_used=1089Kb free=4696Kb
 bounds [0x000001250d9e0000, 0x000001250dc50000, 0x000001250df80000]
 total_blobs=1017 nmethods=655 adapters=274
 compilation: enabled
              stopped_count=0, restarted_count=0
 full_count=0

Compilation events (20 events):
Event: 0.802 Thread 0x00000125246f4800  610       3       java.net.URLStreamHandler::setURL (73 bytes)
Event: 0.803 Thread 0x00000125246f4800 nmethod 610 0x000001250e07dc90 code [0x000001250e07df60, 0x000001250e07ec98]
Event: 0.803 Thread 0x00000125246f4800  611       3       java.lang.ref.SoftReference::get (29 bytes)
Event: 0.803 Thread 0x00000125246f4800 nmethod 611 0x000001250e07f190 code [0x000001250e07f340, 0x000001250e07f518]
Event: 0.805 Thread 0x00000125246f4800  612       3       jdk.internal.misc.SharedSecrets::javaUtilJarAccess (18 bytes)
Event: 0.805 Thread 0x00000125246f4800 nmethod 612 0x000001250e07f590 code [0x000001250e07f760, 0x000001250e07f948]
Event: 0.805 Thread 0x00000125246f4800  613       3       jdk.internal.ref.PhantomCleanable::clean (16 bytes)
Event: 0.805 Thread 0x00000125246f4800 nmethod 613 0x000001250e07fa10 code [0x000001250e07fbe0, 0x000001250e07fe98]
Event: 0.805 Thread 0x00000125246f4800  614       3       jdk.internal.ref.CleanerImpl$PhantomCleanableRef::performCleanup (10 bytes)
Event: 0.805 Thread 0x00000125246f4800 nmethod 614 0x000001250e07ff90 code [0x000001250e080140, 0x000001250e080308]
Event: 0.806 Thread 0x00000125246f4800  616       3       sun.net.www.protocol.jar.Handler::checkNestedProtocol (18 bytes)
Event: 0.806 Thread 0x00000125246f4800 nmethod 616 0x000001250e080410 code [0x000001250e0805e0, 0x000001250e0807a8]
Event: 0.806 Thread 0x00000125246f4800  615   !   3       jdk.internal.loader.URLClassPath$JarLoader::getResource (353 bytes)
Event: 0.808 Thread 0x0000012525308000  617       4       java.util.zip.ZipFile$Source::getEntryPos (206 bytes)
Event: 0.809 Thread 0x00000125246f4800 nmethod 615 0x000001250e080890 code [0x000001250e080d20, 0x000001250e082cf8]
Event: 0.812 Thread 0x0000012524f6e800  618       4       java.lang.StringBuilder::append (8 bytes)
Event: 0.815 Thread 0x00000125246f4800  621       3       jdk.internal.loader.URLClassPath::getResource (74 bytes)
Event: 0.815 Thread 0x00000125246f4800 nmethod 621 0x000001250e083f90 code [0x000001250e084160, 0x000001250e084498]
Event: 0.818 Thread 0x00000125246f4800  622       3       java.lang.invoke.MethodType::parameterCount (6 bytes)
Event: 0.818 Thread 0x00000125246f4800 nmethod 622 0x000001250e084610 code [0x000001250e0847c0, 0x000001250e0848d8]

GC Heap History (0 events):
No events

Deoptimization events (20 events):
Event: 0.593 Thread 0x0000012509eec800 DEOPT PACKING pc=0x000001250e01ab8b sp=0x000000052defdaf0
Event: 0.593 Thread 0x0000012509eec800 DEOPT UNPACKING pc=0x000001250da076ce sp=0x000000052defcfc0 mode 0
Event: 0.593 Thread 0x0000012509eec800 DEOPT PACKING pc=0x000001250e01ab8b sp=0x000000052defdaf0
Event: 0.593 Thread 0x0000012509eec800 DEOPT UNPACKING pc=0x000001250da076ce sp=0x000000052defcfc0 mode 0
Event: 0.593 Thread 0x0000012509eec800 DEOPT PACKING pc=0x000001250e01ab8b sp=0x000000052defdaf0
Event: 0.593 Thread 0x0000012509eec800 DEOPT UNPACKING pc=0x000001250da076ce sp=0x000000052defcfc0 mode 0
Event: 0.593 Thread 0x0000012509eec800 DEOPT PACKING pc=0x000001250e01ab8b sp=0x000000052defdaf0
Event: 0.593 Thread 0x0000012509eec800 DEOPT UNPACKING pc=0x000001250da076ce sp=0x000000052defcfc0 mode 0
Event: 0.593 Thread 0x0000012509eec800 DEOPT PACKING pc=0x000001250e01ab8b sp=0x000000052defdaf0
Event: 0.593 Thread 0x0000012509eec800 DEOPT UNPACKING pc=0x000001250da076ce sp=0x000000052defcfc0 mode 0
Event: 0.705 Thread 0x0000012509eec800 DEOPT PACKING pc=0x000001250e03d722 sp=0x000000052def7870
Event: 0.705 Thread 0x0000012509eec800 DEOPT UNPACKING pc=0x000001250da076ce sp=0x000000052def6cd8 mode 0
Event: 0.716 Thread 0x0000012509eec800 Uncommon trap: trap_request=0xffffffde fr.pc=0x00000125154d3910 relative=0x0000000000000ef0
Event: 0.716 Thread 0x0000012509eec800 Uncommon trap: reason=class_check action=maybe_recompile pc=0x00000125154d3910 method=java.util.HashMap.putVal(ILjava/lang/Object;Ljava/lang/Object;ZZ)Ljava/lang/Object; @ 91 c2
Event: 0.716 Thread 0x0000012509eec800 DEOPT PACKING pc=0x00000125154d3910 sp=0x000000052defb140
Event: 0.716 Thread 0x0000012509eec800 DEOPT UNPACKING pc=0x000001250da078af sp=0x000000052defb0d0 mode 2
Event: 0.798 Thread 0x0000012509eec800 DEOPT PACKING pc=0x000001250dfbd850 sp=0x000000052def9c90
Event: 0.799 Thread 0x0000012509eec800 DEOPT UNPACKING pc=0x000001250da076ce sp=0x000000052def9118 mode 0
Event: 0.815 Thread 0x0000012509eec800 DEOPT PACKING pc=0x000001250dfb6a68 sp=0x000000052def4fe0
Event: 0.815 Thread 0x0000012509eec800 DEOPT UNPACKING pc=0x000001250da076ce sp=0x000000052def44b0 mode 0

Classes redefined (0 events):
No events

Internal exceptions (3 events):
Event: 0.278 Thread 0x0000012509eec800 Exception <a 'java/lang/NoSuchMethodError'{0x000000008989eae8}: 'int java.lang.invoke.DirectMethodHandle$Holder.invokeSpecialIFC(java.lang.Object, java.lang.Object, int)'> (0x000000008989eae8) thrown at [./src/hotspot/share/interpreter/linkResolver.cpp, line 773]
Event: 0.409 Thread 0x0000012509eec800 Exception <a 'java/lang/NoSuchMethodError'{0x0000000089671a18}: 'int java.lang.invoke.DirectMethodHandle$Holder.invokeStaticInit(java.lang.Object, java.lang.Object)'> (0x0000000089671a18) thrown at [./src/hotspot/share/interpreter/linkResolver.cpp, line 773]
Event: 0.459 Thread 0x0000012509eec800 Exception <a 'java/lang/NoSuchMethodError'{0x000000008952e178}: 'int java.lang.invoke.DirectMethodHandle$Holder.invokeSpecial(java.lang.Object, java.lang.Object, java.lang.Object, java.lang.Object)'> (0x000000008952e178) thrown at [./src/hotspot/share/interpreter/linkResolver.cpp, line 773]

Events (20 events):
Event: 0.815 loading class org/gradle/internal/logging/events/operations/ProgressStartBuildOperationProgressDetails
Event: 0.815 loading class org/gradle/internal/logging/events/operations/ProgressStartBuildOperationProgressDetails done
Event: 0.815 loading class org/gradle/internal/logging/events/CategorisedOutputEvent
Event: 0.815 loading class org/gradle/internal/logging/events/CategorisedOutputEvent done
Event: 0.815 loading class org/gradle/internal/logging/events/RenderableOutputEvent
Event: 0.815 loading class org/gradle/internal/logging/events/RenderableOutputEvent done
Event: 0.815 loading class org/gradle/internal/dispatch/ProxyDispatchAdapter
Event: 0.815 loading class org/gradle/internal/dispatch/ProxyDispatchAdapter done
Event: 0.816 loading class java/lang/reflect/InvocationHandler
Event: 0.816 loading class java/lang/reflect/InvocationHandler done
Event: 0.816 loading class org/gradle/internal/dispatch/ProxyDispatchAdapter$DispatchingInvocationHandler
Event: 0.816 loading class org/gradle/internal/dispatch/ProxyDispatchAdapter$DispatchingInvocationHandler done
Event: 0.817 loading class java/lang/reflect/Proxy
Event: 0.817 loading class java/lang/reflect/Proxy done
Event: 0.817 loading class jdk/internal/loader/AbstractClassLoaderValue$Sub
Event: 0.817 loading class jdk/internal/loader/AbstractClassLoaderValue$Sub done
Event: 0.818 loading class java/lang/reflect/Proxy$ProxyBuilder
Event: 0.818 loading class java/lang/reflect/Proxy$ProxyBuilder done
Event: 0.818 loading class java/util/Collections$SingletonList
Event: 0.819 loading class java/util/Collections$SingletonList done


Dynamic libraries:
0x00007ff796090000 - 0x00007ff79609a000 	C:\Program Files\Android\Android Studio\jre\bin\java.exe
0x00007fffc0030000 - 0x00007fffc0225000 	C:\WINDOWS\SYSTEM32\ntdll.dll
0x00007fffbe2f0000 - 0x00007fffbe3ae000 	C:\WINDOWS\System32\KERNEL32.DLL
0x00007fffbda20000 - 0x00007fffbdce9000 	C:\WINDOWS\System32\KERNELBASE.dll
0x00007fffbddd0000 - 0x00007fffbded0000 	C:\WINDOWS\System32\ucrtbase.dll
0x00007fffa90f0000 - 0x00007fffa9109000 	C:\Program Files\Android\Android Studio\jre\bin\jli.dll
0x00007fff9df10000 - 0x00007fff9df27000 	C:\Program Files\Android\Android Studio\jre\bin\VCRUNTIME140.dll
0x00007fffbfdd0000 - 0x00007fffbff71000 	C:\WINDOWS\System32\USER32.dll
0x00007fffbd800000 - 0x00007fffbd822000 	C:\WINDOWS\System32\win32u.dll
0x00007fffa8790000 - 0x00007fffa8a2a000 	C:\WINDOWS\WinSxS\amd64_microsoft.windows.common-controls_6595b64144ccf1df_6.0.19041.1110_none_60b5254171f9507e\COMCTL32.dll
0x00007fffbf030000 - 0x00007fffbf05b000 	C:\WINDOWS\System32\GDI32.dll
0x00007fffbf060000 - 0x00007fffbf0fe000 	C:\WINDOWS\System32\msvcrt.dll
0x00007fffbdf70000 - 0x00007fffbe07b000 	C:\WINDOWS\System32\gdi32full.dll
0x00007fffbded0000 - 0x00007fffbdf6d000 	C:\WINDOWS\System32\msvcp_win.dll
0x00007fffbe830000 - 0x00007fffbe860000 	C:\WINDOWS\System32\IMM32.DLL
0x00007fff6ae20000 - 0x00007fff6aebd000 	C:\Program Files\Android\Android Studio\jre\bin\msvcp140.dll
0x00007fff3e760000 - 0x00007fff3f22f000 	C:\Program Files\Android\Android Studio\jre\bin\server\jvm.dll
0x00007fffbe240000 - 0x00007fffbe2ec000 	C:\WINDOWS\System32\ADVAPI32.dll
0x00007fffbebc0000 - 0x00007fffbec5b000 	C:\WINDOWS\System32\sechost.dll
0x00007fffbe080000 - 0x00007fffbe1aa000 	C:\WINDOWS\System32\RPCRT4.dll
0x00007fffbfd10000 - 0x00007fffbfd18000 	C:\WINDOWS\System32\PSAPI.DLL
0x00007fff9feb0000 - 0x00007fff9feb9000 	C:\WINDOWS\SYSTEM32\WSOCK32.dll
0x00007fffa3f30000 - 0x00007fffa3f57000 	C:\WINDOWS\SYSTEM32\WINMM.dll
0x00007fffb7240000 - 0x00007fffb724a000 	C:\WINDOWS\SYSTEM32\VERSION.dll
0x00007fffbefc0000 - 0x00007fffbf02b000 	C:\WINDOWS\System32\WS2_32.dll
0x00007fffbb650000 - 0x00007fffbb662000 	C:\WINDOWS\SYSTEM32\kernel.appcore.dll
0x00007fff96e70000 - 0x00007fff96e81000 	C:\Program Files\Android\Android Studio\jre\bin\verify.dll
0x00007fffa6240000 - 0x00007fffa6424000 	C:\WINDOWS\SYSTEM32\DBGHELP.DLL
0x00007fff9fe20000 - 0x00007fff9fe4c000 	C:\WINDOWS\SYSTEM32\dbgcore.DLL
0x00007fffbd990000 - 0x00007fffbda13000 	C:\WINDOWS\System32\bcryptPrimitives.dll
0x00007fff92ae0000 - 0x00007fff92b09000 	C:\Program Files\Android\Android Studio\jre\bin\java.dll
0x00007fffab600000 - 0x00007fffab60b000 	C:\Program Files\Android\Android Studio\jre\bin\jimage.dll
0x00007fff929c0000 - 0x00007fff929d8000 	C:\Program Files\Android\Android Studio\jre\bin\zip.dll
0x00007fffbf4f0000 - 0x00007fffbfc2f000 	C:\WINDOWS\System32\SHELL32.dll
0x00007fffbb850000 - 0x00007fffbbfe0000 	C:\WINDOWS\SYSTEM32\windows.storage.dll
0x00007fffbec60000 - 0x00007fffbefb5000 	C:\WINDOWS\System32\combase.dll
0x00007fffbd1a0000 - 0x00007fffbd1cc000 	C:\WINDOWS\SYSTEM32\Wldp.dll
0x00007fffbf100000 - 0x00007fffbf1ad000 	C:\WINDOWS\System32\SHCORE.dll
0x00007fffbff80000 - 0x00007fffbffd5000 	C:\WINDOWS\System32\shlwapi.dll
0x00007fffbd690000 - 0x00007fffbd6af000 	C:\WINDOWS\SYSTEM32\profapi.dll
0x00007fff929a0000 - 0x00007fff929ba000 	C:\Program Files\Android\Android Studio\jre\bin\net.dll
0x00007fffb3e90000 - 0x00007fffb3f98000 	C:\WINDOWS\SYSTEM32\WINHTTP.dll
0x00007fffbce90000 - 0x00007fffbcefa000 	C:\WINDOWS\system32\mswsock.dll
0x00007fff92980000 - 0x00007fff92994000 	C:\Program Files\Android\Android Studio\jre\bin\nio.dll

dbghelp: loaded successfully - version: 4.0.5 - missing functions: none
symbol engine: initialized successfully - sym options: 0x614 - pdb path: .;C:\Program Files\Android\Android Studio\jre\bin;C:\WINDOWS\SYSTEM32;C:\WINDOWS\WinSxS\amd64_microsoft.windows.common-controls_6595b64144ccf1df_6.0.19041.1110_none_60b5254171f9507e;C:\Program Files\Android\Android Studio\jre\bin\server

VM Arguments:
jvm_args: -Dorg.gradle.appname=gradlew 
java_command: org.gradle.wrapper.GradleWrapperMain -q -Ptarget-platform=android-x86 -Ptarget=C:\Users\BerkayOzb\Desktop\falckoneski\lib\main.dart -Pdart-defines=Zmx1dHRlci5pbnNwZWN0b3Iuc3RydWN0dXJlZEVycm9ycz10cnVl,RkxVVFRFUl9XRUJfQVVUT19ERVRFQ1Q9dHJ1ZQ== -Pdart-obfuscation=false -Ptrack-widget-creation=true -Ptree-shake-icons=false -Pfilesystem-scheme=org-dartlang-root assembleDebug
java_class_path (initial): C:\Users\BerkayOzb\Desktop\falckoneski\android\\gradle\wrapper\gradle-wrapper.jar
Launcher Type: SUN_STANDARD

[Global flags]
     intx CICompilerCount                          = 4                                         {product} {ergonomic}
     uint ConcGCThreads                            = 3                                         {product} {ergonomic}
     uint G1ConcRefinementThreads                  = 10                                        {product} {ergonomic}
   size_t G1HeapRegionSize                         = 1048576                                   {product} {ergonomic}
    uintx GCDrainStackTargetSize                   = 64                                        {product} {ergonomic}
   size_t InitialHeapSize                          = 134217728                                 {product} {ergonomic}
   size_t MarkStackSize                            = 4194304                                   {product} {ergonomic}
   size_t MaxHeapSize                              = 2120220672                                {product} {ergonomic}
   size_t MaxNewSize                               = 1271922688                                {product} {ergonomic}
   size_t MinHeapDeltaBytes                        = 1048576                                   {product} {ergonomic}
    uintx NonNMethodCodeHeapSize                   = 5836300                                {pd product} {ergonomic}
    uintx NonProfiledCodeHeapSize                  = 122910970                              {pd product} {ergonomic}
    uintx ProfiledCodeHeapSize                     = 122910970                              {pd product} {ergonomic}
    uintx ReservedCodeCacheSize                    = 251658240                              {pd product} {ergonomic}
     bool SegmentedCodeCache                       = true                                      {product} {ergonomic}
     bool UseCompressedClassPointers               = true                                 {lp64_product} {ergonomic}
     bool UseCompressedOops                        = true                                 {lp64_product} {ergonomic}
     bool UseG1GC                                  = true                                      {product} {ergonomic}
     bool UseLargePagesIndividualAllocation        = false                                  {pd product} {ergonomic}

Logging:
Log output configuration:
 #0: stdout all=warning uptime,level,tags
 #1: stderr all=off uptime,level,tags

Environment Variables:
JAVA_HOME=C:\Program Files\Android\Android Studio\jre
CLASSPATH=C:\Users\BerkayOzb\Desktop\falckoneski\android\\gradle\wrapper\gradle-wrapper.jar
PATH=C:\Windows\system32;C:\Windows;C:\Windows\System32\Wbem;C:\Windows\System32\WindowsPowerShell\v1.0\;C:\Windows\System32\OpenSSH\;C:\Program Files (x86)\NVIDIA Corporation\PhysX\Common;C:\Program Files\Intel\WiFi\bin\;C:\Program Files\Common Files\Intel\WirelessCommon\;C:\WINDOWS\system32;C:\WINDOWS;C:\WINDOWS\System32\Wbem;C:\WINDOWS\System32\WindowsPowerShell\v1.0\;C:\WINDOWS\System32\OpenSSH\;C:\Program Files\nodejs\;C:\Program Files\NVIDIA Corporation\NVIDIA NvDLISR;C:\WINDOWS\system32;C:\WINDOWS;C:\WINDOWS\System32\Wbem;C:\WINDOWS\System32\WindowsPowerShell\v1.0\;C:\WINDOWS\System32\OpenSSH\;C:\Program Files\dotnet\;C:\Program Files\Microsoft SQL Server\130\Tools\Binn\;C:\Program Files\Microsoft SQL Server\Client SDK\ODBC\170\Tools\Binn\;C:\Program Files\Git\cmd;C:\Program Files (x86)\Microsoft SQL Server\150\DTS\Binn\;C:\Program Files\Azure Data Studio\bin;C:\Users\BerkayOzb\AppData\Local\Microsoft\WindowsApps;C:\Program Files\Intel\WiFi\bin\;C:\Program Files\Common Files\Intel\WirelessCommon\;C:\Users\BerkayOzb\AppData\Roaming\npm;C:\Users\BerkayOzb\AppData\Local\Microsoft\WindowsApps;C:\src\flutter\bin;;C:\Users\BerkayOzb\AppData\Local\Programs\Microsoft VS Code\bin;C:\Users\BerkayOzb\.dotnet\tools;C:\Program Files\Azure Data Studio\bin;C:\src\flutter\bin\mingit\cmd
USERNAME=BerkayOzb
OS=Windows_NT
PROCESSOR_IDENTIFIER=Intel64 Family 6 Model 158 Stepping 10, GenuineIntel



---------------  S Y S T E M  ---------------

OS: Windows 10 , 64 bit Build 19041 (10.0.19041.1202)
OS uptime: 9 days 10:21 hours

CPU:total 12 (initial active 12) (6 cores per cpu, 2 threads per core) family 6 model 158 stepping 10 microcode 0xb4, cmov, cx8, fxsr, mmx, sse, sse2, sse3, ssse3, sse4.1, sse4.2, popcnt, avx, avx2, aes, clmul, erms, 3dnowpref, lzcnt, ht, tsc, tscinvbit, bmi1, bmi2, adx, fma

Memory: 4k page, system-wide physical 8083M (341M free)
TotalPageFile size 24467M (AvailPageFile size 4M)
current process WorkingSet (physical memory assigned to process): 72M, peak: 72M
current process commit charge ("private bytes"): 220M, peak: 221M

vm_info: OpenJDK 64-Bit Server VM (11.0.10+0-b96-7249189) for windows-amd64 JRE (11.0.10+0-b96-7249189), built on Mar 31 2021 21:44:00 by "builder" with MS VC++ 14.0 (VS2015)

END.
