#
# There is insufficient memory for the Java Runtime Environment to continue.
# Native memory allocation (malloc) failed to allocate 32744 bytes for ChunkPool::allocate
# Possible reasons:
#   The system is out of physical RAM or swap space
#   The process is running with CompressedOops enabled, and the Java Heap may be blocking the growth of the native heap
# Possible solutions:
#   Reduce memory load on the system
#   Increase physical memory or swap space
#   Check if swap backing store is full
#   Decrease Java heap size (-Xmx/-Xms)
#   Decrease number of Java threads
#   Decrease Java thread stack sizes (-Xss)
#   Set larger code cache with -XX:ReservedCodeCacheSize=
#   JVM is running with Unscaled Compressed Oops mode in which the Java heap is
#     placed in the first 4GB address space. The Java Heap base address is the
#     maximum limit for the native heap growth. Please use -XX:HeapBaseMinAddress
#     to set the Java Heap base and to place the Java Heap above 4GB virtual address.
# This output file may be truncated or incomplete.
#
#  Out of Memory Error (./src/hotspot/share/memory/arena.cpp:81), pid=18684, tid=19648
#
# JRE version: OpenJDK Runtime Environment (11.0.10) (build 11.0.10+0-b96-7249189)
# Java VM: OpenJDK 64-Bit Server VM (11.0.10+0-b96-7249189, mixed mode, tiered, compressed oops, g1 gc, windows-amd64)
# No core dump will be written. Minidumps are not enabled by default on client versions of Windows
#

---------------  S U M M A R Y ------------

Command Line: -Dorg.gradle.appname=gradlew org.gradle.wrapper.GradleWrapperMain -q -Ptarget-platform=android-x86 -Ptarget=C:\Users\BerkayOzb\Desktop\falckoneski\lib\main.dart -Pdart-defines=Zmx1dHRlci5pbnNwZWN0b3Iuc3RydWN0dXJlZEVycm9ycz10cnVl,RkxVVFRFUl9XRUJfQVVUT19ERVRFQ1Q9dHJ1ZQ== -Pdart-obfuscation=false -Ptrack-widget-creation=true -Ptree-shake-icons=false -Pfilesystem-scheme=org-dartlang-root assembleDebug

Host: Intel(R) Core(TM) i7-8750H CPU @ 2.20GHz, 12 cores, 7G,  Windows 10 , 64 bit Build 19041 (10.0.19041.1202)
Time: Mon Nov  1 13:52:13 2021 Türkiye Standart Saati elapsed time: 0.643938 seconds (0d 0h 0m 0s)

---------------  T H R E A D  ---------------

Current thread (0x0000011ca903e000):  JavaThread "main" [_thread_in_vm, id=19648, stack(0x0000001b42800000,0x0000001b42900000)]

Stack: [0x0000001b42800000,0x0000001b42900000]
Native frames: (J=compiled Java code, j=interpreted, Vv=VM code, C=native code)
V  [jvm.dll+0x5ecfaa]
V  [jvm.dll+0x722bd5]
V  [jvm.dll+0x72412d]
V  [jvm.dll+0x7247e3]
V  [jvm.dll+0x242928]
V  [jvm.dll+0xbc75b]
V  [jvm.dll+0xbca0c]
V  [jvm.dll+0xb54f5]
V  [jvm.dll+0x6b8de1]
V  [jvm.dll+0x3ef132]
C  0x0000011cb6742940

Java frames: (J=compiled Java code, j=interpreted, Vv=VM code)
J 52  java.lang.Object.hashCode()I java.base@11.0.10 (0 bytes) @ 0x0000011cb67428a8 [0x0000011cb6742840+0x0000000000000068]
J 781 c1 java.util.WeakHashMap.put(Ljava/lang/Object;Ljava/lang/Object;)Ljava/lang/Object; java.base@11.0.10 (162 bytes) @ 0x0000011caf36b184 [0x0000011caf36afa0+0x00000000000001e4]
J 567 c1 java.util.Collections$SetFromMap.add(Ljava/lang/Object;)Z java.base@11.0.10 (22 bytes) @ 0x0000011caf2ed86c [0x0000011caf2ed760+0x000000000000010c]
J 575 c1 java.util.zip.ZipFile.getInputStream(Ljava/util/zip/ZipEntry;)Ljava/io/InputStream; java.base@11.0.10 (323 bytes) @ 0x0000011caf2f1944 [0x0000011caf2f0a80+0x0000000000000ec4]
J 807 c1 java.util.jar.JarFile.getInputStream(Ljava/util/zip/ZipEntry;)Ljava/io/InputStream; java.base@11.0.10 (72 bytes) @ 0x0000011caf37651c [0x0000011caf376140+0x00000000000003dc]
j  jdk.internal.loader.URLClassPath$JarLoader$2.getInputStream()Ljava/io/InputStream;+11 java.base@11.0.10
J 772 c1 java.net.URLClassLoader.defineClass(Ljava/lang/String;Ljdk/internal/loader/Resource;)Ljava/lang/Class; java.base@11.0.10 (224 bytes) @ 0x0000011caf36396c [0x0000011caf362ea0+0x0000000000000acc]
J 779 c1 java.net.URLClassLoader$1.run()Ljava/lang/Class; java.base@11.0.10 (63 bytes) @ 0x0000011caf369b1c [0x0000011caf3699a0+0x000000000000017c]
J 778 c1 java.net.URLClassLoader$1.run()Ljava/lang/Object; java.base@11.0.10 (5 bytes) @ 0x0000011caf369644 [0x0000011caf3695c0+0x0000000000000084]
v  ~StubRoutines::call_stub
J 566  java.security.AccessController.doPrivileged(Ljava/security/PrivilegedExceptionAction;Ljava/security/AccessControlContext;)Ljava/lang/Object; java.base@11.0.10 (0 bytes) @ 0x0000011cb67696a6 [0x0000011cb6769640+0x0000000000000066]
J 753 c1 java.net.URLClassLoader.findClass(Ljava/lang/String;)Ljava/lang/Class; java.base@11.0.10 (47 bytes) @ 0x0000011caf3519b4 [0x0000011caf351820+0x0000000000000194]
J 550 c1 java.lang.ClassLoader.loadClass(Ljava/lang/String;Z)Ljava/lang/Class; java.base@11.0.10 (122 bytes) @ 0x0000011caf2df29c [0x0000011caf2de9e0+0x00000000000008bc]
J 635 c1 java.lang.ClassLoader.loadClass(Ljava/lang/String;)Ljava/lang/Class; java.base@11.0.10 (7 bytes) @ 0x0000011caf31d63c [0x0000011caf31d540+0x00000000000000fc]
v  ~StubRoutines::call_stub
j  org.gradle.internal.nativeintegration.jansi.JansiStorageLocator.<init>()V+5
j  org.gradle.internal.nativeintegration.jansi.JansiBootPathConfigurer.<init>()V+9
j  org.gradle.internal.nativeintegration.services.NativeServices.<clinit>()V+22
v  ~StubRoutines::call_stub
j  org.gradle.launcher.cli.NativeServicesInitializingAction.execute(Lorg/gradle/launcher/bootstrap/ExecutionListener;)V+9
j  org.gradle.launcher.cli.NativeServicesInitializingAction.execute(Ljava/lang/Object;)V+5
j  org.gradle.launcher.cli.ExceptionReportingAction.execute(Lorg/gradle/launcher/bootstrap/ExecutionListener;)V+5
j  org.gradle.launcher.cli.ExceptionReportingAction.execute(Ljava/lang/Object;)V+5
j  org.gradle.launcher.cli.DefaultCommandLineActionFactory$WithLogging.execute(Lorg/gradle/launcher/bootstrap/ExecutionListener;)V+257
j  org.gradle.launcher.Main.doAction([Ljava/lang/String;Lorg/gradle/launcher/bootstrap/ExecutionListener;)V+14
j  org.gradle.launcher.bootstrap.EntryPoint.run([Ljava/lang/String;)V+12
v  ~StubRoutines::call_stub
j  jdk.internal.reflect.NativeMethodAccessorImpl.invoke0(Ljava/lang/reflect/Method;Ljava/lang/Object;[Ljava/lang/Object;)Ljava/lang/Object;+0 java.base@11.0.10
j  jdk.internal.reflect.NativeMethodAccessorImpl.invoke(Ljava/lang/Object;[Ljava/lang/Object;)Ljava/lang/Object;+100 java.base@11.0.10
j  jdk.internal.reflect.DelegatingMethodAccessorImpl.invoke(Ljava/lang/Object;[Ljava/lang/Object;)Ljava/lang/Object;+6 java.base@11.0.10
j  java.lang.reflect.Method.invoke(Ljava/lang/Object;[Ljava/lang/Object;)Ljava/lang/Object;+59 java.base@11.0.10
j  org.gradle.launcher.bootstrap.ProcessBootstrap.runNoExit(Ljava/lang/String;[Ljava/lang/String;)V+161
j  org.gradle.launcher.bootstrap.ProcessBootstrap.run(Ljava/lang/String;[Ljava/lang/String;)V+3
j  org.gradle.launcher.GradleMain.main([Ljava/lang/String;)V+36
v  ~StubRoutines::call_stub
j  jdk.internal.reflect.NativeMethodAccessorImpl.invoke0(Ljava/lang/reflect/Method;Ljava/lang/Object;[Ljava/lang/Object;)Ljava/lang/Object;+0 java.base@11.0.10
j  jdk.internal.reflect.NativeMethodAccessorImpl.invoke(Ljava/lang/Object;[Ljava/lang/Object;)Ljava/lang/Object;+100 java.base@11.0.10
j  jdk.internal.reflect.DelegatingMethodAccessorImpl.invoke(Ljava/lang/Object;[Ljava/lang/Object;)Ljava/lang/Object;+6 java.base@11.0.10
j  java.lang.reflect.Method.invoke(Ljava/lang/Object;[Ljava/lang/Object;)Ljava/lang/Object;+59 java.base@11.0.10
j  org.gradle.wrapper.BootstrapMainStarter.start([Ljava/lang/String;Ljava/io/File;)V+82
j  org.gradle.wrapper.WrapperExecutor.execute([Ljava/lang/String;Lorg/gradle/wrapper/Install;Lorg/gradle/wrapper/BootstrapMainStarter;)V+14
j  org.gradle.wrapper.GradleWrapperMain.main([Ljava/lang/String;)V+190
v  ~StubRoutines::call_stub

---------------  P R O C E S S  ---------------

Threads class SMR info:
_java_thread_list=0x0000011cc63853c0, length=10, elements={
0x0000011ca903e000, 0x0000011cc5982800, 0x0000011cc59ac000, 0x0000011cc6202000,
0x0000011cc6203000, 0x0000011cc6205000, 0x0000011cc6208000, 0x0000011cc6211800,
0x0000011cc6213800, 0x0000011cc6385800
}

Java Threads: ( => current thread )
=>0x0000011ca903e000 JavaThread "main" [_thread_in_vm, id=19648, stack(0x0000001b42800000,0x0000001b42900000)]
  0x0000011cc5982800 JavaThread "Reference Handler" daemon [_thread_blocked, id=18624, stack(0x0000001b42f00000,0x0000001b43000000)]
  0x0000011cc59ac000 JavaThread "Finalizer" daemon [_thread_blocked, id=24056, stack(0x0000001b43000000,0x0000001b43100000)]
  0x0000011cc6202000 JavaThread "Signal Dispatcher" daemon [_thread_blocked, id=19484, stack(0x0000001b43100000,0x0000001b43200000)]
  0x0000011cc6203000 JavaThread "Attach Listener" daemon [_thread_blocked, id=3784, stack(0x0000001b43200000,0x0000001b43300000)]
  0x0000011cc6205000 JavaThread "Service Thread" daemon [_thread_blocked, id=10412, stack(0x0000001b43300000,0x0000001b43400000)]
  0x0000011cc6208000 JavaThread "C2 CompilerThread0" daemon [_thread_in_native, id=16484, stack(0x0000001b43400000,0x0000001b43500000)]
  0x0000011cc6211800 JavaThread "C1 CompilerThread0" daemon [_thread_blocked, id=23540, stack(0x0000001b43500000,0x0000001b43600000)]
  0x0000011cc6213800 JavaThread "Sweeper thread" daemon [_thread_blocked, id=24212, stack(0x0000001b43600000,0x0000001b43700000)]
  0x0000011cc6385800 JavaThread "Common-Cleaner" daemon [_thread_blocked, id=828, stack(0x0000001b43800000,0x0000001b43900000)]

Other Threads:
  0x0000011cc5980000 VMThread "VM Thread" [stack: 0x0000001b42e00000,0x0000001b42f00000] [id=17444]
  0x0000011cc6380000 WatcherThread [stack: 0x0000001b43700000,0x0000001b43800000] [id=21608]
  0x0000011cab195000 GCTaskThread "GC Thread#0" [stack: 0x0000001b42900000,0x0000001b42a00000] [id=2244]
  0x0000011cab1c6800 ConcurrentGCThread "G1 Main Marker" [stack: 0x0000001b42a00000,0x0000001b42b00000] [id=24392]
  0x0000011cab1c9000 ConcurrentGCThread "G1 Conc#0" [stack: 0x0000001b42b00000,0x0000001b42c00000] [id=4612]
  0x0000011cc57e3800 ConcurrentGCThread "G1 Refine#0" [stack: 0x0000001b42c00000,0x0000001b42d00000] [id=11152]
  0x0000011cc57e4800 ConcurrentGCThread "G1 Young RemSet Sampling" [stack: 0x0000001b42d00000,0x0000001b42e00000] [id=24012]

Threads with active compile tasks:
C2 CompilerThread0    656  825   !   4       jdk.internal.loader.URLClassPath$JarLoader::getResource (65 bytes)

VM state:not at safepoint (normal execution)

VM Mutex/Monitor currently owned by a thread: None

Heap address: 0x0000000081a00000, size: 2022 MB, Compressed Oops mode: 32-bit
Narrow klass base: 0x0000000000000000, Narrow klass shift: 3
Compressed class space size: 1073741824 Address: 0x0000000100000000

Heap:
 garbage-first heap   total 131072K, used 24576K [0x0000000081a00000, 0x0000000100000000)
  region size 1024K, 20 young (20480K), 0 survivors (0K)
 Metaspace       used 10544K, capacity 10786K, committed 11008K, reserved 1058816K
  class space    used 1091K, capacity 1167K, committed 1280K, reserved 1048576K
Heap Regions: E=young(eden), S=young(survivor), O=old, HS=humongous(starts), HC=humongous(continues), CS=collection set, F=free, A=archive, TAMS=top-at-mark-start (previous, next)
|   0|0x0000000081a00000, 0x0000000081b00000, 0x0000000081b00000|100%|HS|  |TAMS 0x0000000081a00000, 0x0000000081a00000| Complete 
|   1|0x0000000081b00000, 0x0000000081c00000, 0x0000000081c00000|100%|HC|  |TAMS 0x0000000081b00000, 0x0000000081b00000| Complete 
|   2|0x0000000081c00000, 0x0000000081d00000, 0x0000000081d00000|100%|HC|  |TAMS 0x0000000081c00000, 0x0000000081c00000| Complete 
|   3|0x0000000081d00000, 0x0000000081e00000, 0x0000000081e00000|100%|HS|  |TAMS 0x0000000081d00000, 0x0000000081d00000| Complete 
|   4|0x0000000081e00000, 0x0000000081f00000, 0x0000000081f00000|100%|HC|  |TAMS 0x0000000081e00000, 0x0000000081e00000| Complete 
|   5|0x0000000081f00000, 0x0000000082000000, 0x0000000082000000|100%|HC|  |TAMS 0x0000000081f00000, 0x0000000081f00000| Complete 
|   6|0x0000000082000000, 0x0000000082000000, 0x0000000082100000|  0%| F|  |TAMS 0x0000000082000000, 0x0000000082000000| Untracked 
|   7|0x0000000082100000, 0x0000000082100000, 0x0000000082200000|  0%| F|  |TAMS 0x0000000082100000, 0x0000000082100000| Untracked 
|   8|0x0000000082200000, 0x0000000082200000, 0x0000000082300000|  0%| F|  |TAMS 0x0000000082200000, 0x0000000082200000| Untracked 
|   9|0x0000000082300000, 0x0000000082300000, 0x0000000082400000|  0%| F|  |TAMS 0x0000000082300000, 0x0000000082300000| Untracked 
|  10|0x0000000082400000, 0x0000000082400000, 0x0000000082500000|  0%| F|  |TAMS 0x0000000082400000, 0x0000000082400000| Untracked 
|  11|0x0000000082500000, 0x0000000082500000, 0x0000000082600000|  0%| F|  |TAMS 0x0000000082500000, 0x0000000082500000| Untracked 
|  12|0x0000000082600000, 0x0000000082600000, 0x0000000082700000|  0%| F|  |TAMS 0x0000000082600000, 0x0000000082600000| Untracked 
|  13|0x0000000082700000, 0x0000000082700000, 0x0000000082800000|  0%| F|  |TAMS 0x0000000082700000, 0x0000000082700000| Untracked 
|  14|0x0000000082800000, 0x0000000082800000, 0x0000000082900000|  0%| F|  |TAMS 0x0000000082800000, 0x0000000082800000| Untracked 
|  15|0x0000000082900000, 0x0000000082900000, 0x0000000082a00000|  0%| F|  |TAMS 0x0000000082900000, 0x0000000082900000| Untracked 
|  16|0x0000000082a00000, 0x0000000082a00000, 0x0000000082b00000|  0%| F|  |TAMS 0x0000000082a00000, 0x0000000082a00000| Untracked 
|  17|0x0000000082b00000, 0x0000000082b00000, 0x0000000082c00000|  0%| F|  |TAMS 0x0000000082b00000, 0x0000000082b00000| Untracked 
|  18|0x0000000082c00000, 0x0000000082c00000, 0x0000000082d00000|  0%| F|  |TAMS 0x0000000082c00000, 0x0000000082c00000| Untracked 
|  19|0x0000000082d00000, 0x0000000082d00000, 0x0000000082e00000|  0%| F|  |TAMS 0x0000000082d00000, 0x0000000082d00000| Untracked 
|  20|0x0000000082e00000, 0x0000000082e00000, 0x0000000082f00000|  0%| F|  |TAMS 0x0000000082e00000, 0x0000000082e00000| Untracked 
|  21|0x0000000082f00000, 0x0000000082f00000, 0x0000000083000000|  0%| F|  |TAMS 0x0000000082f00000, 0x0000000082f00000| Untracked 
|  22|0x0000000083000000, 0x0000000083000000, 0x0000000083100000|  0%| F|  |TAMS 0x0000000083000000, 0x0000000083000000| Untracked 
|  23|0x0000000083100000, 0x0000000083100000, 0x0000000083200000|  0%| F|  |TAMS 0x0000000083100000, 0x0000000083100000| Untracked 
|  24|0x0000000083200000, 0x0000000083200000, 0x0000000083300000|  0%| F|  |TAMS 0x0000000083200000, 0x0000000083200000| Untracked 
|  25|0x0000000083300000, 0x0000000083300000, 0x0000000083400000|  0%| F|  |TAMS 0x0000000083300000, 0x0000000083300000| Untracked 
|  26|0x0000000083400000, 0x0000000083400000, 0x0000000083500000|  0%| F|  |TAMS 0x0000000083400000, 0x0000000083400000| Untracked 
|  27|0x0000000083500000, 0x0000000083500000, 0x0000000083600000|  0%| F|  |TAMS 0x0000000083500000, 0x0000000083500000| Untracked 
|  28|0x0000000083600000, 0x0000000083600000, 0x0000000083700000|  0%| F|  |TAMS 0x0000000083600000, 0x0000000083600000| Untracked 
|  29|0x0000000083700000, 0x0000000083700000, 0x0000000083800000|  0%| F|  |TAMS 0x0000000083700000, 0x0000000083700000| Untracked 
|  30|0x0000000083800000, 0x0000000083800000, 0x0000000083900000|  0%| F|  |TAMS 0x0000000083800000, 0x0000000083800000| Untracked 
|  31|0x0000000083900000, 0x0000000083900000, 0x0000000083a00000|  0%| F|  |TAMS 0x0000000083900000, 0x0000000083900000| Untracked 
|  32|0x0000000083a00000, 0x0000000083a00000, 0x0000000083b00000|  0%| F|  |TAMS 0x0000000083a00000, 0x0000000083a00000| Untracked 
|  33|0x0000000083b00000, 0x0000000083b00000, 0x0000000083c00000|  0%| F|  |TAMS 0x0000000083b00000, 0x0000000083b00000| Untracked 
|  34|0x0000000083c00000, 0x0000000083c00000, 0x0000000083d00000|  0%| F|  |TAMS 0x0000000083c00000, 0x0000000083c00000| Untracked 
|  35|0x0000000083d00000, 0x0000000083d00000, 0x0000000083e00000|  0%| F|  |TAMS 0x0000000083d00000, 0x0000000083d00000| Untracked 
|  36|0x0000000083e00000, 0x0000000083e00000, 0x0000000083f00000|  0%| F|  |TAMS 0x0000000083e00000, 0x0000000083e00000| Untracked 
|  37|0x0000000083f00000, 0x0000000083f00000, 0x0000000084000000|  0%| F|  |TAMS 0x0000000083f00000, 0x0000000083f00000| Untracked 
|  38|0x0000000084000000, 0x0000000084000000, 0x0000000084100000|  0%| F|  |TAMS 0x0000000084000000, 0x0000000084000000| Untracked 
|  39|0x0000000084100000, 0x0000000084100000, 0x0000000084200000|  0%| F|  |TAMS 0x0000000084100000, 0x0000000084100000| Untracked 
|  40|0x0000000084200000, 0x0000000084200000, 0x0000000084300000|  0%| F|  |TAMS 0x0000000084200000, 0x0000000084200000| Untracked 
|  41|0x0000000084300000, 0x0000000084300000, 0x0000000084400000|  0%| F|  |TAMS 0x0000000084300000, 0x0000000084300000| Untracked 
|  42|0x0000000084400000, 0x0000000084400000, 0x0000000084500000|  0%| F|  |TAMS 0x0000000084400000, 0x0000000084400000| Untracked 
|  43|0x0000000084500000, 0x0000000084500000, 0x0000000084600000|  0%| F|  |TAMS 0x0000000084500000, 0x0000000084500000| Untracked 
|  44|0x0000000084600000, 0x0000000084600000, 0x0000000084700000|  0%| F|  |TAMS 0x0000000084600000, 0x0000000084600000| Untracked 
|  45|0x0000000084700000, 0x0000000084700000, 0x0000000084800000|  0%| F|  |TAMS 0x0000000084700000, 0x0000000084700000| Untracked 
|  46|0x0000000084800000, 0x0000000084800000, 0x0000000084900000|  0%| F|  |TAMS 0x0000000084800000, 0x0000000084800000| Untracked 
|  47|0x0000000084900000, 0x0000000084900000, 0x0000000084a00000|  0%| F|  |TAMS 0x0000000084900000, 0x0000000084900000| Untracked 
|  48|0x0000000084a00000, 0x0000000084a00000, 0x0000000084b00000|  0%| F|  |TAMS 0x0000000084a00000, 0x0000000084a00000| Untracked 
|  49|0x0000000084b00000, 0x0000000084b00000, 0x0000000084c00000|  0%| F|  |TAMS 0x0000000084b00000, 0x0000000084b00000| Untracked 
|  50|0x0000000084c00000, 0x0000000084c00000, 0x0000000084d00000|  0%| F|  |TAMS 0x0000000084c00000, 0x0000000084c00000| Untracked 
|  51|0x0000000084d00000, 0x0000000084d00000, 0x0000000084e00000|  0%| F|  |TAMS 0x0000000084d00000, 0x0000000084d00000| Untracked 
|  52|0x0000000084e00000, 0x0000000084e00000, 0x0000000084f00000|  0%| F|  |TAMS 0x0000000084e00000, 0x0000000084e00000| Untracked 
|  53|0x0000000084f00000, 0x0000000084f00000, 0x0000000085000000|  0%| F|  |TAMS 0x0000000084f00000, 0x0000000084f00000| Untracked 
|  54|0x0000000085000000, 0x0000000085000000, 0x0000000085100000|  0%| F|  |TAMS 0x0000000085000000, 0x0000000085000000| Untracked 
|  55|0x0000000085100000, 0x0000000085100000, 0x0000000085200000|  0%| F|  |TAMS 0x0000000085100000, 0x0000000085100000| Untracked 
|  56|0x0000000085200000, 0x0000000085200000, 0x0000000085300000|  0%| F|  |TAMS 0x0000000085200000, 0x0000000085200000| Untracked 
|  57|0x0000000085300000, 0x0000000085300000, 0x0000000085400000|  0%| F|  |TAMS 0x0000000085300000, 0x0000000085300000| Untracked 
|  58|0x0000000085400000, 0x0000000085400000, 0x0000000085500000|  0%| F|  |TAMS 0x0000000085400000, 0x0000000085400000| Untracked 
|  59|0x0000000085500000, 0x0000000085500000, 0x0000000085600000|  0%| F|  |TAMS 0x0000000085500000, 0x0000000085500000| Untracked 
|  60|0x0000000085600000, 0x0000000085600000, 0x0000000085700000|  0%| F|  |TAMS 0x0000000085600000, 0x0000000085600000| Untracked 
|  61|0x0000000085700000, 0x0000000085700000, 0x0000000085800000|  0%| F|  |TAMS 0x0000000085700000, 0x0000000085700000| Untracked 
|  62|0x0000000085800000, 0x0000000085800000, 0x0000000085900000|  0%| F|  |TAMS 0x0000000085800000, 0x0000000085800000| Untracked 
|  63|0x0000000085900000, 0x0000000085900000, 0x0000000085a00000|  0%| F|  |TAMS 0x0000000085900000, 0x0000000085900000| Untracked 
|  64|0x0000000085a00000, 0x0000000085a00000, 0x0000000085b00000|  0%| F|  |TAMS 0x0000000085a00000, 0x0000000085a00000| Untracked 
|  65|0x0000000085b00000, 0x0000000085b00000, 0x0000000085c00000|  0%| F|  |TAMS 0x0000000085b00000, 0x0000000085b00000| Untracked 
|  66|0x0000000085c00000, 0x0000000085c00000, 0x0000000085d00000|  0%| F|  |TAMS 0x0000000085c00000, 0x0000000085c00000| Untracked 
|  67|0x0000000085d00000, 0x0000000085d00000, 0x0000000085e00000|  0%| F|  |TAMS 0x0000000085d00000, 0x0000000085d00000| Untracked 
|  68|0x0000000085e00000, 0x0000000085e00000, 0x0000000085f00000|  0%| F|  |TAMS 0x0000000085e00000, 0x0000000085e00000| Untracked 
|  69|0x0000000085f00000, 0x0000000085f00000, 0x0000000086000000|  0%| F|  |TAMS 0x0000000085f00000, 0x0000000085f00000| Untracked 
|  70|0x0000000086000000, 0x0000000086000000, 0x0000000086100000|  0%| F|  |TAMS 0x0000000086000000, 0x0000000086000000| Untracked 
|  71|0x0000000086100000, 0x0000000086100000, 0x0000000086200000|  0%| F|  |TAMS 0x0000000086100000, 0x0000000086100000| Untracked 
|  72|0x0000000086200000, 0x0000000086200000, 0x0000000086300000|  0%| F|  |TAMS 0x0000000086200000, 0x0000000086200000| Untracked 
|  73|0x0000000086300000, 0x0000000086300000, 0x0000000086400000|  0%| F|  |TAMS 0x0000000086300000, 0x0000000086300000| Untracked 
|  74|0x0000000086400000, 0x0000000086400000, 0x0000000086500000|  0%| F|  |TAMS 0x0000000086400000, 0x0000000086400000| Untracked 
|  75|0x0000000086500000, 0x0000000086500000, 0x0000000086600000|  0%| F|  |TAMS 0x0000000086500000, 0x0000000086500000| Untracked 
|  76|0x0000000086600000, 0x0000000086600000, 0x0000000086700000|  0%| F|  |TAMS 0x0000000086600000, 0x0000000086600000| Untracked 
|  77|0x0000000086700000, 0x0000000086700000, 0x0000000086800000|  0%| F|  |TAMS 0x0000000086700000, 0x0000000086700000| Untracked 
|  78|0x0000000086800000, 0x0000000086800000, 0x0000000086900000|  0%| F|  |TAMS 0x0000000086800000, 0x0000000086800000| Untracked 
|  79|0x0000000086900000, 0x0000000086900000, 0x0000000086a00000|  0%| F|  |TAMS 0x0000000086900000, 0x0000000086900000| Untracked 
|  80|0x0000000086a00000, 0x0000000086a00000, 0x0000000086b00000|  0%| F|  |TAMS 0x0000000086a00000, 0x0000000086a00000| Untracked 
|  81|0x0000000086b00000, 0x0000000086b00000, 0x0000000086c00000|  0%| F|  |TAMS 0x0000000086b00000, 0x0000000086b00000| Untracked 
|  82|0x0000000086c00000, 0x0000000086c00000, 0x0000000086d00000|  0%| F|  |TAMS 0x0000000086c00000, 0x0000000086c00000| Untracked 
|  83|0x0000000086d00000, 0x0000000086d00000, 0x0000000086e00000|  0%| F|  |TAMS 0x0000000086d00000, 0x0000000086d00000| Untracked 
|  84|0x0000000086e00000, 0x0000000086e00000, 0x0000000086f00000|  0%| F|  |TAMS 0x0000000086e00000, 0x0000000086e00000| Untracked 
|  85|0x0000000086f00000, 0x0000000086f00000, 0x0000000087000000|  0%| F|  |TAMS 0x0000000086f00000, 0x0000000086f00000| Untracked 
|  86|0x0000000087000000, 0x0000000087000000, 0x0000000087100000|  0%| F|  |TAMS 0x0000000087000000, 0x0000000087000000| Untracked 
|  87|0x0000000087100000, 0x0000000087100000, 0x0000000087200000|  0%| F|  |TAMS 0x0000000087100000, 0x0000000087100000| Untracked 
|  88|0x0000000087200000, 0x0000000087200000, 0x0000000087300000|  0%| F|  |TAMS 0x0000000087200000, 0x0000000087200000| Untracked 
|  89|0x0000000087300000, 0x0000000087300000, 0x0000000087400000|  0%| F|  |TAMS 0x0000000087300000, 0x0000000087300000| Untracked 
|  90|0x0000000087400000, 0x0000000087400000, 0x0000000087500000|  0%| F|  |TAMS 0x0000000087400000, 0x0000000087400000| Untracked 
|  91|0x0000000087500000, 0x0000000087500000, 0x0000000087600000|  0%| F|  |TAMS 0x0000000087500000, 0x0000000087500000| Untracked 
|  92|0x0000000087600000, 0x0000000087600000, 0x0000000087700000|  0%| F|  |TAMS 0x0000000087600000, 0x0000000087600000| Untracked 
|  93|0x0000000087700000, 0x0000000087700000, 0x0000000087800000|  0%| F|  |TAMS 0x0000000087700000, 0x0000000087700000| Untracked 
|  94|0x0000000087800000, 0x0000000087800000, 0x0000000087900000|  0%| F|  |TAMS 0x0000000087800000, 0x0000000087800000| Untracked 
|  95|0x0000000087900000, 0x0000000087900000, 0x0000000087a00000|  0%| F|  |TAMS 0x0000000087900000, 0x0000000087900000| Untracked 
|  96|0x0000000087a00000, 0x0000000087a00000, 0x0000000087b00000|  0%| F|  |TAMS 0x0000000087a00000, 0x0000000087a00000| Untracked 
|  97|0x0000000087b00000, 0x0000000087b00000, 0x0000000087c00000|  0%| F|  |TAMS 0x0000000087b00000, 0x0000000087b00000| Untracked 
|  98|0x0000000087c00000, 0x0000000087c00000, 0x0000000087d00000|  0%| F|  |TAMS 0x0000000087c00000, 0x0000000087c00000| Untracked 
|  99|0x0000000087d00000, 0x0000000087d00000, 0x0000000087e00000|  0%| F|  |TAMS 0x0000000087d00000, 0x0000000087d00000| Untracked 
| 100|0x0000000087e00000, 0x0000000087e00000, 0x0000000087f00000|  0%| F|  |TAMS 0x0000000087e00000, 0x0000000087e00000| Untracked 
| 101|0x0000000087f00000, 0x0000000087f00000, 0x0000000088000000|  0%| F|  |TAMS 0x0000000087f00000, 0x0000000087f00000| Untracked 
| 102|0x0000000088000000, 0x0000000088000000, 0x0000000088100000|  0%| F|  |TAMS 0x0000000088000000, 0x0000000088000000| Untracked 
| 103|0x0000000088100000, 0x0000000088100000, 0x0000000088200000|  0%| F|  |TAMS 0x0000000088100000, 0x0000000088100000| Untracked 
| 104|0x0000000088200000, 0x0000000088200000, 0x0000000088300000|  0%| F|  |TAMS 0x0000000088200000, 0x0000000088200000| Untracked 
| 105|0x0000000088300000, 0x0000000088300000, 0x0000000088400000|  0%| F|  |TAMS 0x0000000088300000, 0x0000000088300000| Untracked 
| 106|0x0000000088400000, 0x0000000088400000, 0x0000000088500000|  0%| F|  |TAMS 0x0000000088400000, 0x0000000088400000| Untracked 
| 107|0x0000000088500000, 0x0000000088500000, 0x0000000088600000|  0%| F|  |TAMS 0x0000000088500000, 0x0000000088500000| Untracked 
| 108|0x0000000088600000, 0x00000000886f6488, 0x0000000088700000| 96%| E|  |TAMS 0x0000000088600000, 0x0000000088600000| Complete 
| 109|0x0000000088700000, 0x0000000088800000, 0x0000000088800000|100%| E|CS|TAMS 0x0000000088700000, 0x0000000088700000| Complete 
| 110|0x0000000088800000, 0x0000000088900000, 0x0000000088900000|100%| E|CS|TAMS 0x0000000088800000, 0x0000000088800000| Complete 
| 111|0x0000000088900000, 0x0000000088a00000, 0x0000000088a00000|100%| E|CS|TAMS 0x0000000088900000, 0x0000000088900000| Complete 
| 112|0x0000000088a00000, 0x0000000088b00000, 0x0000000088b00000|100%| E|CS|TAMS 0x0000000088a00000, 0x0000000088a00000| Complete 
| 113|0x0000000088b00000, 0x0000000088c00000, 0x0000000088c00000|100%| E|CS|TAMS 0x0000000088b00000, 0x0000000088b00000| Complete 
| 114|0x0000000088c00000, 0x0000000088d00000, 0x0000000088d00000|100%| E|CS|TAMS 0x0000000088c00000, 0x0000000088c00000| Complete 
| 115|0x0000000088d00000, 0x0000000088e00000, 0x0000000088e00000|100%| E|CS|TAMS 0x0000000088d00000, 0x0000000088d00000| Complete 
| 116|0x0000000088e00000, 0x0000000088f00000, 0x0000000088f00000|100%| E|  |TAMS 0x0000000088e00000, 0x0000000088e00000| Complete 
| 117|0x0000000088f00000, 0x0000000089000000, 0x0000000089000000|100%| E|CS|TAMS 0x0000000088f00000, 0x0000000088f00000| Complete 
| 118|0x0000000089000000, 0x0000000089100000, 0x0000000089100000|100%| E|CS|TAMS 0x0000000089000000, 0x0000000089000000| Complete 
| 119|0x0000000089100000, 0x0000000089200000, 0x0000000089200000|100%| E|CS|TAMS 0x0000000089100000, 0x0000000089100000| Complete 
| 120|0x0000000089200000, 0x0000000089300000, 0x0000000089300000|100%| E|CS|TAMS 0x0000000089200000, 0x0000000089200000| Complete 
| 121|0x0000000089300000, 0x0000000089400000, 0x0000000089400000|100%| E|CS|TAMS 0x0000000089300000, 0x0000000089300000| Complete 
| 122|0x0000000089400000, 0x0000000089500000, 0x0000000089500000|100%| E|CS|TAMS 0x0000000089400000, 0x0000000089400000| Complete 
| 123|0x0000000089500000, 0x0000000089600000, 0x0000000089600000|100%| E|CS|TAMS 0x0000000089500000, 0x0000000089500000| Complete 
| 124|0x0000000089600000, 0x0000000089700000, 0x0000000089700000|100%| E|CS|TAMS 0x0000000089600000, 0x0000000089600000| Complete 
| 125|0x0000000089700000, 0x0000000089800000, 0x0000000089800000|100%| E|CS|TAMS 0x0000000089700000, 0x0000000089700000| Complete 
| 126|0x0000000089800000, 0x0000000089900000, 0x0000000089900000|100%| E|CS|TAMS 0x0000000089800000, 0x0000000089800000| Complete 
| 127|0x0000000089900000, 0x0000000089a00000, 0x0000000089a00000|100%| E|CS|TAMS 0x0000000089900000, 0x0000000089900000| Complete 

Card table byte_map: [0x0000011cbe5c0000,0x0000011cbe9c0000] _byte_map_base: 0x0000011cbe1b3000

Marking Bits (Prev, Next): (CMBitMap*) 0x0000011cab1bdec8, (CMBitMap*) 0x0000011cab1bdf00
 Prev Bits: [0x0000011cbedc0000, 0x0000011cc0d58000)
 Next Bits: [0x0000011cc0d60000, 0x0000011cc2cf8000)

Polling page: 0x0000011ca9180000

Metaspace:

Usage:
  Non-class:      9.39 MB capacity,     9.23 MB ( 98%) used,   154.68 KB (  2%) free+waste,    11.13 KB ( <1%) overhead. 
      Class:      1.14 MB capacity,     1.07 MB ( 94%) used,    70.39 KB (  6%) free+waste,     5.31 KB ( <1%) overhead. 
       Both:     10.53 MB capacity,    10.30 MB ( 98%) used,   225.07 KB (  2%) free+waste,    16.44 KB ( <1%) overhead. 

Virtual space:
  Non-class space:       10.00 MB reserved,       9.50 MB ( 95%) committed 
      Class space:        1.00 GB reserved,       1.25 MB ( <1%) committed 
             Both:        1.01 GB reserved,      10.75 MB (  1%) committed 

Chunk freelists:
   Non-Class:  45.00 KB
       Class:  17.00 KB
        Both:  62.00 KB

MaxMetaspaceSize: 17179869184.00 GB
CompressedClassSpaceSize: 1.00 GB

CodeHeap 'non-profiled nmethods': size=120000Kb used=250Kb max_used=250Kb free=119749Kb
 bounds [0x0000011cb6740000, 0x0000011cb69b0000, 0x0000011cbdc70000]
CodeHeap 'profiled nmethods': size=120000Kb used=1514Kb max_used=1514Kb free=118485Kb
 bounds [0x0000011caf210000, 0x0000011caf480000, 0x0000011cb6740000]
CodeHeap 'non-nmethods': size=5760Kb used=1069Kb max_used=1082Kb free=4690Kb
 bounds [0x0000011caec70000, 0x0000011caeee0000, 0x0000011caf210000]
 total_blobs=1208 nmethods=836 adapters=284
 compilation: enabled
              stopped_count=0, restarted_count=0
 full_count=0

Compilation events (20 events):
Event: 0.630 Thread 0x0000011cc6211800 nmethod 821 0x0000011caf37fb10 code [0x0000011caf37fde0, 0x0000011caf380fc8]
Event: 0.630 Thread 0x0000011cc6211800  822       3       java.util.jar.JavaUtilJarAccessImpl::getTrustedAttributes (6 bytes)
Event: 0.630 Thread 0x0000011cc6211800 nmethod 822 0x0000011caf381490 code [0x0000011caf381640, 0x0000011caf381788]
Event: 0.630 Thread 0x0000011cc6211800  823       3       java.util.jar.Manifest::getTrustedAttributes (57 bytes)
Event: 0.630 Thread 0x0000011cc6208000 nmethod 824 0x0000011cb677de10 code [0x0000011cb677dfc0, 0x0000011cb677e0e8]
Event: 0.631 Thread 0x0000011cc6211800 nmethod 823 0x0000011caf381890 code [0x0000011caf381b40, 0x0000011caf3826f8]
Event: 0.632 Thread 0x0000011cc6208000  825   !   4       jdk.internal.loader.URLClassPath$JarLoader::getResource (65 bytes)
Event: 0.637 Thread 0x0000011cc6211800  828       1       java.lang.reflect.Method::getReturnType (5 bytes)
Event: 0.637 Thread 0x0000011cc6211800 nmethod 828 0x0000011cb677e290 code [0x0000011cb677e440, 0x0000011cb677e4f8]
Event: 0.637 Thread 0x0000011cc6211800  829       3       java.util.ArrayList::<init> (61 bytes)
Event: 0.637 Thread 0x0000011cc6211800 nmethod 829 0x0000011caf382b10 code [0x0000011caf382da0, 0x0000011caf3838f8]
Event: 0.638 Thread 0x0000011cc6211800  831       3       java.security.CodeSource::matchCerts (254 bytes)
Event: 0.638 Thread 0x0000011cc6211800 nmethod 831 0x0000011caf383c90 code [0x0000011caf383ee0, 0x0000011caf384a18]
Event: 0.638 Thread 0x0000011cc6211800  832       3       java.lang.StringCoding$Result::with (12 bytes)
Event: 0.638 Thread 0x0000011cc6211800 nmethod 832 0x0000011caf384e10 code [0x0000011caf384fc0, 0x0000011caf385118]
Event: 0.640 Thread 0x0000011cc6211800  834       3       sun.invoke.util.Wrapper::forBasicType (16 bytes)
Event: 0.640 Thread 0x0000011cc6211800 nmethod 834 0x0000011caf385190 code [0x0000011caf385360, 0x0000011caf3854e8]
Event: 0.640 Thread 0x0000011cc6211800  835       3       java.lang.invoke.InvokerBytecodeGenerator::emitPushArgument (120 bytes)
Event: 0.641 Thread 0x0000011cc6211800 nmethod 835 0x0000011caf385590 code [0x0000011caf385860, 0x0000011caf386608]
Event: 0.641 Thread 0x0000011cc6211800  838   !   3       jdk.internal.loader.Resource::getBytes (242 bytes)

GC Heap History (0 events):
No events

Deoptimization events (20 events):
Event: 0.599 Thread 0x0000011ca903e000 Uncommon trap: trap_request=0xffffff4d fr.pc=0x0000011cb675c830 relative=0x00000000000001d0
Event: 0.599 Thread 0x0000011ca903e000 Uncommon trap: reason=unstable_if action=reinterpret pc=0x0000011cb675c830 method=java.util.regex.Matcher.reset()Ljava/util/regex/Matcher; @ 47 c2
Event: 0.599 Thread 0x0000011ca903e000 DEOPT PACKING pc=0x0000011cb675c830 sp=0x0000001b428fdb00
Event: 0.599 Thread 0x0000011ca903e000 DEOPT UNPACKING pc=0x0000011caec978af sp=0x0000001b428fda88 mode 2
Event: 0.599 Thread 0x0000011ca903e000 Uncommon trap: trap_request=0xffffffde fr.pc=0x0000011cb675d470 relative=0x00000000000003d0
Event: 0.599 Thread 0x0000011ca903e000 Uncommon trap: reason=class_check action=maybe_recompile pc=0x0000011cb675d470 method=java.util.regex.Matcher.match(II)Z @ 121 c2
Event: 0.599 Thread 0x0000011ca903e000 DEOPT PACKING pc=0x0000011cb675d470 sp=0x0000001b428fdb50
Event: 0.599 Thread 0x0000011ca903e000 DEOPT UNPACKING pc=0x0000011caec978af sp=0x0000001b428fdaf8 mode 2
Event: 0.599 Thread 0x0000011ca903e000 Uncommon trap: trap_request=0xffffffde fr.pc=0x0000011cb675d470 relative=0x00000000000003d0
Event: 0.599 Thread 0x0000011ca903e000 Uncommon trap: reason=class_check action=maybe_recompile pc=0x0000011cb675d470 method=java.util.regex.Matcher.match(II)Z @ 121 c2
Event: 0.599 Thread 0x0000011ca903e000 DEOPT PACKING pc=0x0000011cb675d470 sp=0x0000001b428fdb50
Event: 0.599 Thread 0x0000011ca903e000 DEOPT UNPACKING pc=0x0000011caec978af sp=0x0000001b428fdaf8 mode 2
Event: 0.600 Thread 0x0000011ca903e000 Uncommon trap: trap_request=0xffffffde fr.pc=0x0000011cb675d470 relative=0x00000000000003d0
Event: 0.600 Thread 0x0000011ca903e000 Uncommon trap: reason=class_check action=maybe_recompile pc=0x0000011cb675d470 method=java.util.regex.Matcher.match(II)Z @ 121 c2
Event: 0.600 Thread 0x0000011ca903e000 DEOPT PACKING pc=0x0000011cb675d470 sp=0x0000001b428fd9d0
Event: 0.600 Thread 0x0000011ca903e000 DEOPT UNPACKING pc=0x0000011caec978af sp=0x0000001b428fd978 mode 2
Event: 0.600 Thread 0x0000011ca903e000 Uncommon trap: trap_request=0xffffffde fr.pc=0x0000011cb675d470 relative=0x00000000000003d0
Event: 0.600 Thread 0x0000011ca903e000 Uncommon trap: reason=class_check action=maybe_recompile pc=0x0000011cb675d470 method=java.util.regex.Matcher.match(II)Z @ 121 c2
Event: 0.600 Thread 0x0000011ca903e000 DEOPT PACKING pc=0x0000011cb675d470 sp=0x0000001b428fd9d0
Event: 0.600 Thread 0x0000011ca903e000 DEOPT UNPACKING pc=0x0000011caec978af sp=0x0000001b428fd978 mode 2

Classes redefined (0 events):
No events

Internal exceptions (5 events):
Event: 0.169 Thread 0x0000011ca903e000 Exception <a 'java/lang/NoSuchMethodError'{0x000000008989eaf0}: 'int java.lang.invoke.DirectMethodHandle$Holder.invokeSpecialIFC(java.lang.Object, java.lang.Object, int)'> (0x000000008989eaf0) thrown at [./src/hotspot/share/interpreter/linkResolver.cpp, line 773]
Event: 0.263 Thread 0x0000011ca903e000 Exception <a 'java/lang/NoSuchMethodError'{0x0000000089671a18}: 'int java.lang.invoke.DirectMethodHandle$Holder.invokeStaticInit(java.lang.Object, java.lang.Object)'> (0x0000000089671a18) thrown at [./src/hotspot/share/interpreter/linkResolver.cpp, line 773]
Event: 0.295 Thread 0x0000011ca903e000 Exception <a 'java/lang/NoSuchMethodError'{0x000000008952e178}: 'int java.lang.invoke.DirectMethodHandle$Holder.invokeSpecial(java.lang.Object, java.lang.Object, java.lang.Object, java.lang.Object)'> (0x000000008952e178) thrown at [./src/hotspot/share/interpreter/linkResolver.cpp, line 773]
Event: 0.630 Thread 0x0000011ca903e000 Exception <a 'java/lang/NoClassDefFoundError'{0x000000008860bbf0}: org/slf4j/impl/StaticMarkerBinder> (0x000000008860bbf0) thrown at [./src/hotspot/share/classfile/systemDictionary.cpp, line 220]
Event: 0.640 Thread 0x0000011ca903e000 Exception <a 'java/lang/NoSuchMethodError'{0x00000000886a3bd8}: 'java.lang.Object java.lang.invoke.DirectMethodHandle$Holder.invokeVirtual(java.lang.Object, java.lang.Object, java.lang.Object, java.lang.Object, java.lang.Object)'> (0x00000000886a3bd8) thrown at [./src/hotspot/share/interpreter/linkResolver.cpp, line 773]

Events (20 events):
Event: 0.638 loading class org/gradle/internal/file/Chmod
Event: 0.638 loading class org/gradle/internal/file/Chmod done
Event: 0.639 loading class org/gradle/internal/file/Stat
Event: 0.639 loading class org/gradle/internal/file/Stat done
Event: 0.639 loading class org/gradle/internal/nativeintegration/filesystem/Symlink
Event: 0.639 loading class org/gradle/internal/nativeintegration/filesystem/Symlink done
Event: 0.639 loading class org/gradle/internal/nativeintegration/filesystem/FileCanonicalizer
Event: 0.639 loading class org/gradle/internal/nativeintegration/filesystem/FileCanonicalizer done
Event: 0.640 loading class org/gradle/internal/service/MethodHandleBasedServiceMethod
Event: 0.640 loading class org/gradle/internal/service/MethodHandleBasedServiceMethod done
Event: 0.640 loading class org/gradle/internal/nativeintegration/jansi/JansiBootPathConfigurer
Event: 0.640 loading class org/gradle/internal/nativeintegration/jansi/JansiBootPathConfigurer done
Event: 0.641 loading class org/gradle/internal/nativeintegration/NativeIntegrationException
Event: 0.641 loading class org/gradle/internal/nativeintegration/NativeIntegrationException done
Event: 0.641 loading class org/gradle/internal/nativeintegration/jansi/JansiStorageLocator
Event: 0.641 loading class org/gradle/internal/nativeintegration/jansi/JansiStorageLocator done
Event: 0.641 loading class org/gradle/internal/nativeintegration/jansi/JansiLibraryFactory
Event: 0.641 loading class org/gradle/internal/nativeintegration/jansi/JansiLibraryFactory done
Event: 0.642 loading class org/gradle/internal/nativeintegration/jansi/JansiRuntimeResolver
Event: 0.642 loading class org/gradle/internal/nativeintegration/jansi/JansiRuntimeResolver done


Dynamic libraries:
0x00007ff796090000 - 0x00007ff79609a000 	C:\Program Files\Android\Android Studio\jre\bin\java.exe
0x00007fffc0030000 - 0x00007fffc0225000 	C:\WINDOWS\SYSTEM32\ntdll.dll
0x00007fffbe2f0000 - 0x00007fffbe3ae000 	C:\WINDOWS\System32\KERNEL32.DLL
0x00007fffbda20000 - 0x00007fffbdce9000 	C:\WINDOWS\System32\KERNELBASE.dll
0x00007fffbddd0000 - 0x00007fffbded0000 	C:\WINDOWS\System32\ucrtbase.dll
0x00007fffa90f0000 - 0x00007fffa9109000 	C:\Program Files\Android\Android Studio\jre\bin\jli.dll
0x00007fff9df10000 - 0x00007fff9df27000 	C:\Program Files\Android\Android Studio\jre\bin\VCRUNTIME140.dll
0x00007fffbfdd0000 - 0x00007fffbff71000 	C:\WINDOWS\System32\USER32.dll
0x00007fffa8790000 - 0x00007fffa8a2a000 	C:\WINDOWS\WinSxS\amd64_microsoft.windows.common-controls_6595b64144ccf1df_6.0.19041.1110_none_60b5254171f9507e\COMCTL32.dll
0x00007fffbd800000 - 0x00007fffbd822000 	C:\WINDOWS\System32\win32u.dll
0x00007fffbf030000 - 0x00007fffbf05b000 	C:\WINDOWS\System32\GDI32.dll
0x00007fffbf060000 - 0x00007fffbf0fe000 	C:\WINDOWS\System32\msvcrt.dll
0x00007fffbdf70000 - 0x00007fffbe07b000 	C:\WINDOWS\System32\gdi32full.dll
0x00007fffbded0000 - 0x00007fffbdf6d000 	C:\WINDOWS\System32\msvcp_win.dll
0x00007fffbe830000 - 0x00007fffbe860000 	C:\WINDOWS\System32\IMM32.DLL
0x00007fff6ae20000 - 0x00007fff6aebd000 	C:\Program Files\Android\Android Studio\jre\bin\msvcp140.dll
0x00007fff3e760000 - 0x00007fff3f22f000 	C:\Program Files\Android\Android Studio\jre\bin\server\jvm.dll
0x00007fffbe240000 - 0x00007fffbe2ec000 	C:\WINDOWS\System32\ADVAPI32.dll
0x00007fffbebc0000 - 0x00007fffbec5b000 	C:\WINDOWS\System32\sechost.dll
0x00007fffbe080000 - 0x00007fffbe1aa000 	C:\WINDOWS\System32\RPCRT4.dll
0x00007fffbfd10000 - 0x00007fffbfd18000 	C:\WINDOWS\System32\PSAPI.DLL
0x00007fff9feb0000 - 0x00007fff9feb9000 	C:\WINDOWS\SYSTEM32\WSOCK32.dll
0x00007fffa3f30000 - 0x00007fffa3f57000 	C:\WINDOWS\SYSTEM32\WINMM.dll
0x00007fffb7240000 - 0x00007fffb724a000 	C:\WINDOWS\SYSTEM32\VERSION.dll
0x00007fffbefc0000 - 0x00007fffbf02b000 	C:\WINDOWS\System32\WS2_32.dll
0x00007fffbb650000 - 0x00007fffbb662000 	C:\WINDOWS\SYSTEM32\kernel.appcore.dll
0x00007fff96e70000 - 0x00007fff96e81000 	C:\Program Files\Android\Android Studio\jre\bin\verify.dll
0x00007fffa6240000 - 0x00007fffa6424000 	C:\WINDOWS\SYSTEM32\DBGHELP.DLL
0x00007fff9fe20000 - 0x00007fff9fe4c000 	C:\WINDOWS\SYSTEM32\dbgcore.DLL
0x00007fffbd990000 - 0x00007fffbda13000 	C:\WINDOWS\System32\bcryptPrimitives.dll
0x00007fff92ae0000 - 0x00007fff92b09000 	C:\Program Files\Android\Android Studio\jre\bin\java.dll
0x00007fffab600000 - 0x00007fffab60b000 	C:\Program Files\Android\Android Studio\jre\bin\jimage.dll
0x00007fff929c0000 - 0x00007fff929d8000 	C:\Program Files\Android\Android Studio\jre\bin\zip.dll
0x00007fffbf4f0000 - 0x00007fffbfc2f000 	C:\WINDOWS\System32\SHELL32.dll
0x00007fffbb850000 - 0x00007fffbbfe0000 	C:\WINDOWS\SYSTEM32\windows.storage.dll
0x00007fffbec60000 - 0x00007fffbefb5000 	C:\WINDOWS\System32\combase.dll
0x00007fffbd1a0000 - 0x00007fffbd1cc000 	C:\WINDOWS\SYSTEM32\Wldp.dll
0x00007fffbf100000 - 0x00007fffbf1ad000 	C:\WINDOWS\System32\SHCORE.dll
0x00007fffbff80000 - 0x00007fffbffd5000 	C:\WINDOWS\System32\shlwapi.dll
0x00007fffbd690000 - 0x00007fffbd6af000 	C:\WINDOWS\SYSTEM32\profapi.dll
0x00007fff929a0000 - 0x00007fff929ba000 	C:\Program Files\Android\Android Studio\jre\bin\net.dll
0x00007fffb3e90000 - 0x00007fffb3f98000 	C:\WINDOWS\SYSTEM32\WINHTTP.dll
0x00007fffbce90000 - 0x00007fffbcefa000 	C:\WINDOWS\system32\mswsock.dll
0x00007fff92980000 - 0x00007fff92994000 	C:\Program Files\Android\Android Studio\jre\bin\nio.dll

dbghelp: loaded successfully - version: 4.0.5 - missing functions: none
symbol engine: initialized successfully - sym options: 0x614 - pdb path: .;C:\Program Files\Android\Android Studio\jre\bin;C:\WINDOWS\SYSTEM32;C:\WINDOWS\WinSxS\amd64_microsoft.windows.common-controls_6595b64144ccf1df_6.0.19041.1110_none_60b5254171f9507e;C:\Program Files\Android\Android Studio\jre\bin\server

VM Arguments:
jvm_args: -Dorg.gradle.appname=gradlew 
java_command: org.gradle.wrapper.GradleWrapperMain -q -Ptarget-platform=android-x86 -Ptarget=C:\Users\BerkayOzb\Desktop\falckoneski\lib\main.dart -Pdart-defines=Zmx1dHRlci5pbnNwZWN0b3Iuc3RydWN0dXJlZEVycm9ycz10cnVl,RkxVVFRFUl9XRUJfQVVUT19ERVRFQ1Q9dHJ1ZQ== -Pdart-obfuscation=false -Ptrack-widget-creation=true -Ptree-shake-icons=false -Pfilesystem-scheme=org-dartlang-root assembleDebug
java_class_path (initial): C:\Users\BerkayOzb\Desktop\falckoneski\android\\gradle\wrapper\gradle-wrapper.jar
Launcher Type: SUN_STANDARD

[Global flags]
     intx CICompilerCount                          = 4                                         {product} {ergonomic}
     uint ConcGCThreads                            = 3                                         {product} {ergonomic}
     uint G1ConcRefinementThreads                  = 10                                        {product} {ergonomic}
   size_t G1HeapRegionSize                         = 1048576                                   {product} {ergonomic}
    uintx GCDrainStackTargetSize                   = 64                                        {product} {ergonomic}
   size_t InitialHeapSize                          = 134217728                                 {product} {ergonomic}
   size_t MarkStackSize                            = 4194304                                   {product} {ergonomic}
   size_t MaxHeapSize                              = 2120220672                                {product} {ergonomic}
   size_t MaxNewSize                               = 1271922688                                {product} {ergonomic}
   size_t MinHeapDeltaBytes                        = 1048576                                   {product} {ergonomic}
    uintx NonNMethodCodeHeapSize                   = 5836300                                {pd product} {ergonomic}
    uintx NonProfiledCodeHeapSize                  = 122910970                              {pd product} {ergonomic}
    uintx ProfiledCodeHeapSize                     = 122910970                              {pd product} {ergonomic}
    uintx ReservedCodeCacheSize                    = 251658240                              {pd product} {ergonomic}
     bool SegmentedCodeCache                       = true                                      {product} {ergonomic}
     bool UseCompressedClassPointers               = true                                 {lp64_product} {ergonomic}
     bool UseCompressedOops                        = true                                 {lp64_product} {ergonomic}
     bool UseG1GC                                  = true                                      {product} {ergonomic}
     bool UseLargePagesIndividualAllocation        = false                                  {pd product} {ergonomic}

Logging:
Log output configuration:
 #0: stdout all=warning uptime,level,tags
 #1: stderr all=off uptime,level,tags

Environment Variables:
JAVA_HOME=C:\Program Files\Android\Android Studio\jre
CLASSPATH=C:\Users\BerkayOzb\Desktop\falckoneski\android\\gradle\wrapper\gradle-wrapper.jar
PATH=C:\Windows\system32;C:\Windows;C:\Windows\System32\Wbem;C:\Windows\System32\WindowsPowerShell\v1.0\;C:\Windows\System32\OpenSSH\;C:\Program Files (x86)\NVIDIA Corporation\PhysX\Common;C:\Program Files\Intel\WiFi\bin\;C:\Program Files\Common Files\Intel\WirelessCommon\;C:\WINDOWS\system32;C:\WINDOWS;C:\WINDOWS\System32\Wbem;C:\WINDOWS\System32\WindowsPowerShell\v1.0\;C:\WINDOWS\System32\OpenSSH\;C:\Program Files\nodejs\;C:\Program Files\NVIDIA Corporation\NVIDIA NvDLISR;C:\WINDOWS\system32;C:\WINDOWS;C:\WINDOWS\System32\Wbem;C:\WINDOWS\System32\WindowsPowerShell\v1.0\;C:\WINDOWS\System32\OpenSSH\;C:\Program Files\dotnet\;C:\Program Files\Microsoft SQL Server\130\Tools\Binn\;C:\Program Files\Microsoft SQL Server\Client SDK\ODBC\170\Tools\Binn\;C:\Program Files\Git\cmd;C:\Program Files (x86)\Microsoft SQL Server\150\DTS\Binn\;C:\Program Files\Azure Data Studio\bin;C:\Users\BerkayOzb\AppData\Local\Microsoft\WindowsApps;C:\Program Files\Intel\WiFi\bin\;C:\Program Files\Common Files\Intel\WirelessCommon\;C:\Users\BerkayOzb\AppData\Roaming\npm;C:\Users\BerkayOzb\AppData\Local\Microsoft\WindowsApps;C:\src\flutter\bin;;C:\Users\BerkayOzb\AppData\Local\Programs\Microsoft VS Code\bin;C:\Users\BerkayOzb\.dotnet\tools;C:\Program Files\Azure Data Studio\bin;C:\src\flutter\bin\mingit\cmd
USERNAME=BerkayOzb
OS=Windows_NT
PROCESSOR_IDENTIFIER=Intel64 Family 6 Model 158 Stepping 10, GenuineIntel



---------------  S Y S T E M  ---------------

OS: Windows 10 , 64 bit Build 19041 (10.0.19041.1202)
OS uptime: 9 days 10:22 hours

CPU:total 12 (initial active 12) (6 cores per cpu, 2 threads per core) family 6 model 158 stepping 10 microcode 0xb4, cmov, cx8, fxsr, mmx, sse, sse2, sse3, ssse3, sse4.1, sse4.2, popcnt, avx, avx2, aes, clmul, erms, 3dnowpref, lzcnt, ht, tsc, tscinvbit, bmi1, bmi2, adx, fma

Memory: 4k page, system-wide physical 8083M (312M free)
TotalPageFile size 24467M (AvailPageFile size 1M)
current process WorkingSet (physical memory assigned to process): 74M, peak: 75M
current process commit charge ("private bytes"): 223M, peak: 223M

vm_info: OpenJDK 64-Bit Server VM (11.0.10+0-b96-7249189) for windows-amd64 JRE (11.0.10+0-b96-7249189), built on Mar 31 2021 21:44:00 by "builder" with MS VC++ 14.0 (VS2015)

END.
