#
# There is insufficient memory for the Java Runtime Environment to continue.
# Native memory allocation (mmap) failed to map 134217728 bytes for Failed to commit area from 0x0000000081a00000 to 0x0000000089a00000 of length 134217728.
# Possible reasons:
#   The system is out of physical RAM or swap space
#   The process is running with CompressedOops enabled, and the Java Heap may be blocking the growth of the native heap
# Possible solutions:
#   Reduce memory load on the system
#   Increase physical memory or swap space
#   Check if swap backing store is full
#   Decrease Java heap size (-Xmx/-Xms)
#   Decrease number of Java threads
#   Decrease Java thread stack sizes (-Xss)
#   Set larger code cache with -XX:ReservedCodeCacheSize=
# This output file may be truncated or incomplete.
#
#  Out of Memory Error (t:/workspace/open/src/hotspot/os/windows/os_windows.cpp:3221), pid=23776, tid=16180
#
# JRE version:  (10.0.2+13) (build )
# Java VM: Java HotSpot(TM) 64-Bit Server VM (10.0.2+13, mixed mode, aot, tiered, compressed oops, g1 gc, windows-amd64)
# No core dump will be written. Minidumps are not enabled by default on client versions of Windows
#

---------------  S U M M A R Y ------------

Command Line: -Dorg.gradle.appname=gradlew org.gradle.wrapper.GradleWrapperMain -q -Ptarget-platform=android-x86 -Ptarget=C:\Users\BerkayOzb\Desktop\falckoneski\lib\main.dart -Pdart-defines=Zmx1dHRlci5pbnNwZWN0b3Iuc3RydWN0dXJlZEVycm9ycz10cnVl,RkxVVFRFUl9XRUJfQVVUT19ERVRFQ1Q9dHJ1ZQ== -Pdart-obfuscation=false -Ptrack-widget-creation=true -Ptree-shake-icons=false -Pfilesystem-scheme=org-dartlang-root assembleDebug

Host: Intel(R) Core(TM) i7-8750H CPU @ 2.20GHz, 12 cores, 7G,  Windows 10 , 64 bit Build 19041 (10.0.19041.1202)
Time: Mon Nov 01 14:04:02 2021 Türkiye Standart Saati elapsed time: 0 seconds (0d 0h 0m 0s)

---------------  T H R E A D  ---------------

Current thread (0x000001c248a4f800):  JavaThread "Unknown thread" [_thread_in_vm, id=16180, stack(0x0000006c18600000,0x0000006c18700000)]

Stack: [0x0000006c18600000,0x0000006c18700000]
Native frames: (J=compiled Java code, j=interpreted, Vv=VM code, C=native code)
V  [jvm.dll+0x5a01a9]
V  [jvm.dll+0x6bcf31]
V  [jvm.dll+0x6be126]
V  [jvm.dll+0x6be7b3]
V  [jvm.dll+0x234978]
V  [jvm.dll+0x59dac4]
V  [jvm.dll+0x592825]
V  [jvm.dll+0x2f632b]
V  [jvm.dll+0x2f6295]
V  [jvm.dll+0x2f6172]
V  [jvm.dll+0x2f8366]
V  [jvm.dll+0x344293]
V  [jvm.dll+0x3449a6]
V  [jvm.dll+0x344393]
V  [jvm.dll+0x2c4628]
V  [jvm.dll+0x2c5771]
V  [jvm.dll+0x69d1db]
V  [jvm.dll+0x69e9fc]
V  [jvm.dll+0x3519e9]
V  [jvm.dll+0x6856a2]
V  [jvm.dll+0x3ba0c3]
V  [jvm.dll+0x3bc261]
C  [java.exe+0x3531]
C  [java.exe+0xe1af]
C  [java.exe+0xe356]
C  [KERNEL32.DLL+0x17034]
C  [ntdll.dll+0x52651]


---------------  P R O C E S S  ---------------

Threads class SMR info:
_java_thread_list=0x000001c2488a8fc0, length=0, elements={
}

Java Threads: ( => current thread )

Other Threads:
  0x000001c248a6b800 GCTaskThread "GC Thread#0" [stack: 0x0000006c18700000,0x0000006c18800000] [id=14148]
  0x000001c248a6c800 GCTaskThread "GC Thread#1" [stack: 0x0000006c18800000,0x0000006c18900000] [id=17260]
  0x000001c248a6f000 GCTaskThread "GC Thread#2" [stack: 0x0000006c18900000,0x0000006c18a00000] [id=5620]
  0x000001c248a72000 GCTaskThread "GC Thread#3" [stack: 0x0000006c18a00000,0x0000006c18b00000] [id=16068]
  0x000001c248a73800 GCTaskThread "GC Thread#4" [stack: 0x0000006c18b00000,0x0000006c18c00000] [id=10708]
  0x000001c248a77800 GCTaskThread "GC Thread#5" [stack: 0x0000006c18c00000,0x0000006c18d00000] [id=13608]
  0x000001c248a78800 GCTaskThread "GC Thread#6" [stack: 0x0000006c18d00000,0x0000006c18e00000] [id=6880]
  0x000001c248a7a800 GCTaskThread "GC Thread#7" [stack: 0x0000006c18e00000,0x0000006c18f00000] [id=6512]
  0x000001c248a7c800 GCTaskThread "GC Thread#8" [stack: 0x0000006c18f00000,0x0000006c19000000] [id=20124]
  0x000001c248a7d800 GCTaskThread "GC Thread#9" [stack: 0x0000006c19000000,0x0000006c19100000] [id=15864]
  0x000001c248af1800 ConcurrentGCThread "G1 Main Marker" [stack: 0x0000006c19100000,0x0000006c19200000] [id=16020]
  0x000001c248af4800 ConcurrentGCThread "G1 Conc#0" [stack: 0x0000006c19200000,0x0000006c19300000] [id=6956]
  0x000001c248af5800 ConcurrentGCThread "G1 Conc#1" [stack: 0x0000006c19300000,0x0000006c19400000] [id=12436]
  0x000001c248afa000 ConcurrentGCThread "G1 Conc#2" [stack: 0x0000006c19400000,0x0000006c19500000] [id=16712]

[error occurred during error reporting (printing all threads), id 0xe0000002]

VM state:not at safepoint (not fully initialized)

VM Mutex/Monitor currently owned by a thread:  ([mutex/lock_event])
[0x000001c248a4aea0] Heap_lock - owner thread: 0x000001c248a4f800

Heap address: 0x0000000081a00000, size: 2022 MB, Compressed Oops mode: Non-zero based: 0x0000000081a00000
Narrow klass base: 0x0000000000000000, Narrow klass shift: 0

GC Heap History (0 events):
No events

Deoptimization events (0 events):
No events

Classes redefined (0 events):
No events

Internal exceptions (0 events):
No events

Events (0 events):
No events


Dynamic libraries:
0x00007ff78b610000 - 0x00007ff78b64e000 	C:\Program Files\Java\jdk-10.0.2\bin\java.exe
0x00007fffc0030000 - 0x00007fffc0225000 	C:\WINDOWS\SYSTEM32\ntdll.dll
0x00007fffbe2f0000 - 0x00007fffbe3ae000 	C:\WINDOWS\System32\KERNEL32.DLL
0x00007fffbda20000 - 0x00007fffbdce9000 	C:\WINDOWS\System32\KERNELBASE.dll
0x00007fffbe240000 - 0x00007fffbe2ec000 	C:\WINDOWS\System32\ADVAPI32.dll
0x00007fffbf060000 - 0x00007fffbf0fe000 	C:\WINDOWS\System32\msvcrt.dll
0x00007fffbebc0000 - 0x00007fffbec5b000 	C:\WINDOWS\System32\sechost.dll
0x00007fffbe080000 - 0x00007fffbe1aa000 	C:\WINDOWS\System32\RPCRT4.dll
0x00007fffbfdd0000 - 0x00007fffbff71000 	C:\WINDOWS\System32\USER32.dll
0x00007fffbd800000 - 0x00007fffbd822000 	C:\WINDOWS\System32\win32u.dll
0x00007fffbf030000 - 0x00007fffbf05b000 	C:\WINDOWS\System32\GDI32.dll
0x00007fffbdf70000 - 0x00007fffbe07b000 	C:\WINDOWS\System32\gdi32full.dll
0x00007fffbded0000 - 0x00007fffbdf6d000 	C:\WINDOWS\System32\msvcp_win.dll
0x00007fffbddd0000 - 0x00007fffbded0000 	C:\WINDOWS\System32\ucrtbase.dll
0x00007fffa8790000 - 0x00007fffa8a2a000 	C:\WINDOWS\WinSxS\amd64_microsoft.windows.common-controls_6595b64144ccf1df_6.0.19041.1110_none_60b5254171f9507e\COMCTL32.dll
0x00007fffb7240000 - 0x00007fffb724a000 	C:\WINDOWS\SYSTEM32\VERSION.dll
0x00007fffbe830000 - 0x00007fffbe860000 	C:\WINDOWS\System32\IMM32.DLL
0x00007fff6b310000 - 0x00007fff6b3ff000 	C:\Program Files\Java\jdk-10.0.2\bin\msvcr120.dll
0x00007fff6e160000 - 0x00007fff6e206000 	C:\Program Files\Java\jdk-10.0.2\bin\msvcp120.dll
0x000000006e860000 - 0x000000006f2d0000 	C:\Program Files\Java\jdk-10.0.2\bin\server\jvm.dll
0x00007fffbfd10000 - 0x00007fffbfd18000 	C:\WINDOWS\System32\PSAPI.DLL
0x00007fffa3f30000 - 0x00007fffa3f57000 	C:\WINDOWS\SYSTEM32\WINMM.dll
0x00007fff9feb0000 - 0x00007fff9feb9000 	C:\WINDOWS\SYSTEM32\WSOCK32.dll
0x00007fffbefc0000 - 0x00007fffbf02b000 	C:\WINDOWS\System32\WS2_32.dll
0x00007fffb91d0000 - 0x00007fffb91df000 	C:\Program Files\Java\jdk-10.0.2\bin\verify.dll
0x00007fffa6240000 - 0x00007fffa6424000 	C:\WINDOWS\SYSTEM32\DBGHELP.DLL
0x00007fff9fe20000 - 0x00007fff9fe4c000 	C:\WINDOWS\SYSTEM32\dbgcore.DLL
0x00007fffbd990000 - 0x00007fffbda13000 	C:\WINDOWS\System32\bcryptPrimitives.dll
0x00007fffa3be0000 - 0x00007fffa3c07000 	C:\Program Files\Java\jdk-10.0.2\bin\java.dll
0x00007fffab6f0000 - 0x00007fffab706000 	C:\Program Files\Java\jdk-10.0.2\bin\zip.dll
0x00007fffb7950000 - 0x00007fffb795a000 	C:\Program Files\Java\jdk-10.0.2\bin\jimage.dll

dbghelp: loaded successfully - version: 4.0.5 - missing functions: none
symbol engine: initialized successfully - sym options: 0x614 - pdb path: .;C:\Program Files\Java\jdk-10.0.2\bin;C:\WINDOWS\SYSTEM32;C:\WINDOWS\WinSxS\amd64_microsoft.windows.common-controls_6595b64144ccf1df_6.0.19041.1110_none_60b5254171f9507e;C:\Program Files\Java\jdk-10.0.2\bin\server

VM Arguments:
jvm_args: -Dorg.gradle.appname=gradlew 
java_command: org.gradle.wrapper.GradleWrapperMain -q -Ptarget-platform=android-x86 -Ptarget=C:\Users\BerkayOzb\Desktop\falckoneski\lib\main.dart -Pdart-defines=Zmx1dHRlci5pbnNwZWN0b3Iuc3RydWN0dXJlZEVycm9ycz10cnVl,RkxVVFRFUl9XRUJfQVVUT19ERVRFQ1Q9dHJ1ZQ== -Pdart-obfuscation=false -Ptrack-widget-creation=true -Ptree-shake-icons=false -Pfilesystem-scheme=org-dartlang-root assembleDebug
java_class_path (initial): C:\Users\BerkayOzb\Desktop\falckoneski\android\\gradle\wrapper\gradle-wrapper.jar
Launcher Type: SUN_STANDARD

Logging:
Log output configuration:
#0: stdout all=warning uptime,level,tags
#1: stderr all=off uptime,level,tags

Environment Variables:
JAVA_HOME=C:\Program Files\Java\jdk-10.0.2
CLASSPATH=C:\Users\BerkayOzb\Desktop\falckoneski\android\\gradle\wrapper\gradle-wrapper.jar
PATH=C:\Windows\system32;C:\Windows;C:\Windows\System32\Wbem;C:\Windows\System32\WindowsPowerShell\v1.0\;C:\Windows\System32\OpenSSH\;C:\Program Files (x86)\NVIDIA Corporation\PhysX\Common;C:\Program Files\Intel\WiFi\bin\;C:\Program Files\Common Files\Intel\WirelessCommon\;C:\WINDOWS\system32;C:\WINDOWS;C:\WINDOWS\System32\Wbem;C:\WINDOWS\System32\WindowsPowerShell\v1.0\;C:\WINDOWS\System32\OpenSSH\;C:\Program Files\nodejs\;C:\Program Files\NVIDIA Corporation\NVIDIA NvDLISR;C:\WINDOWS\system32;C:\WINDOWS;C:\WINDOWS\System32\Wbem;C:\WINDOWS\System32\WindowsPowerShell\v1.0\;C:\WINDOWS\System32\OpenSSH\;C:\Program Files\dotnet\;C:\Program Files\Microsoft SQL Server\130\Tools\Binn\;C:\Program Files\Microsoft SQL Server\Client SDK\ODBC\170\Tools\Binn\;C:\Program Files\Git\cmd;C:\Program Files (x86)\Microsoft SQL Server\150\DTS\Binn\;C:\Program Files\Azure Data Studio\bin;C:\Users\BerkayOzb\AppData\Local\Microsoft\WindowsApps;C:\Program Files\Intel\WiFi\bin\;C:\Program Files\Common Files\Intel\WirelessCommon\;C:\Users\BerkayOzb\AppData\Roaming\npm;C:\Users\BerkayOzb\AppData\Local\Microsoft\WindowsApps;C:\src\flutter\bin;;C:\Users\BerkayOzb\AppData\Local\Programs\Microsoft VS Code\bin;C:\Users\BerkayOzb\.dotnet\tools;C:\Program Files\Azure Data Studio\bin;C:\src\flutter\bin\mingit\cmd
USERNAME=BerkayOzb
OS=Windows_NT
PROCESSOR_IDENTIFIER=Intel64 Family 6 Model 158 Stepping 10, GenuineIntel



---------------  S Y S T E M  ---------------

OS: Windows 10 , 64 bit Build 19041 (10.0.19041.1202)

CPU:total 12 (initial active 12) (6 cores per cpu, 2 threads per core) family 6 model 158 stepping 10, cmov, cx8, fxsr, mmx, sse, sse2, sse3, ssse3, sse4.1, sse4.2, popcnt, avx, avx2, aes, clmul, erms, 3dnowpref, lzcnt, ht, tsc, tscinvbit, bmi1, bmi2, adx, fma

Memory: 4k page, physical 8277824k(305376k free), swap 25055040k(56564k free)

vm_info: Java HotSpot(TM) 64-Bit Server VM (10.0.2+13) for windows-amd64 JRE (10.0.2+13), built on Jun 28 2018 01:57:56 by "mach5one" with MS VC++ 12.0 (VS2013)

END.
